 ***************************************************************************
  MINUIT RELEASE 96.03  INITIALIZED.   DIMENSIONS 100/100  EPSMAC=  0.89E-15
 ***************************************************************************
                          MINUIT DATA BLOCK NO.   1
 ***************************************************************************
 fp-d                                              
 ******************************************************************************

 PARAMETER DEFINITIONS:
    NO.   NAME         VALUE      STEP SIZE      LIMITS
     1 'M_Z       '    91.188      0.60000E-02     no limits
     2 'm_t MS-bar'    164.52       4.0000         no limits
     3 'm_b       '    4.2006      0.10000         no limits
     4 'm_c       '    1.2717      0.10000         no limits
     5 'alpha_s   '   0.11900      0.60000E-02     no limits
     6 'da3cut    '   0.56910E-02  0.30000E-03     no limits
     7 'M_H       '    4.5000       1.0000         no limits
     8 'T parametr'    0.0000       1.0000         no limits
     9 'S parametr'    0.0000       1.0000         no limits
    10 'U parametr'    0.0000       1.0000         no limits
    11 'B rho     '    0.0000      0.10000         no limits
    12 'B kappa   '    0.0000      0.10000         no limits
    15 'Z parametr'    3.0000      0.10000         no limits
    16 'M_Z^prime '    1.0000      0.70000         no limits
    17 'sin(theta)'    0.0000      0.10000E-02     no limits
    18 'lambda_g  '    1.0000       1.0000         no limits
    19 'e_1       '    0.0000      0.10000         no limits
    20 'e_2       '    1.0000      0.10000         no limits
    21 'u(d)_1    '    0.0000       1.0000         no limits
    22 'u_2       '    0.0000       1.0000         no limits
    23 'd_2       '    0.0000       1.0000         no limits
    24 'tau_1     '    0.0000       1.0000         no limits
    25 'tau_2     '    0.0000       1.0000         no limits
    26 't(b)_1    '    0.0000       1.0000         no limits
    27 'b_2       '    0.0000       1.0000         no limits
    28 'ln(x)     '    6.0000      0.10000E-02     0.0000       10.000    
    29 'tan(phi)^2'    1.1000      0.10000E-02    0.10000E-01   100.00    
    30 'sin(2be)^2'   0.10000      0.10000E-02     0.0000       1.0000    
    ***************************************************************************

 MINUIT: FIRST CALL TO USER FUNCTION, WITH IFLAG=1

 FCN=   60.47554     FROM PARAMETR  STATUS=RESET          2 CALLS        2 TOTAL
                     EDM= unknown      STRATEGY= 1      NO ERROR MATRIX       

  EXT PARAMETER               CURRENT GUESS      PHYSICAL LIMITS       
  NO.   NAME        VALUE          ERROR       NEGATIVE      POSITIVE  
   1  M_Z           91.188       0.60000E-02
   2  m_t MS-bar    164.52        4.0000    
   3  m_b           4.2006       0.10000    
   4  m_c           1.2717       0.10000    
   5  alpha_s      0.11900       0.60000E-02
   6  da3cut       0.56910E-02   0.30000E-03
   7  M_H           4.5000        1.0000    
   8  T parametr    0.0000        1.0000    
   9  S parametr    0.0000        1.0000    
  10  U parametr    0.0000        1.0000    
  11  B rho         0.0000       0.10000    
  12  B kappa       0.0000       0.10000    
  15  Z parametr    3.0000       0.10000    
  16  M_Z^prime     1.0000       0.70000    
  17  sin(theta)    0.0000       0.10000E-02
  18  lambda_g      1.0000        1.0000    
  19  e_1           0.0000       0.10000    
  20  e_2           1.0000       0.10000    
  21  u(d)_1        0.0000        1.0000    
  22  u_2           0.0000        1.0000    
  23  d_2           0.0000        1.0000    
  24  tau_1         0.0000        1.0000    
  25  tau_2         0.0000        1.0000    
  26  t(b)_1        0.0000        1.0000    
  27  b_2           0.0000        1.0000    
  28  ln(x)         6.0000       0.10000E-02    0.0000        10.000    
  29  tan(phi)^2    1.1000       0.10000E-02   0.10000E-01    100.00    
  30  sin(2be)^2   0.10000       0.10000E-02    0.0000        1.0000    
 **********
 **    1 **SET PRINTOUT    1.000    
 **********
 **********
 **    2 **SET ERRORDEF    10.00    
 **********
 **********
 **    3 **FIX    1.000       3.000       4.000       5.000    
 **********       6.000       8.000       9.000       10.00    
 **********       11.00       12.00    
 **********
 **********
 **    4 **FIX    15.00       16.00       17.00       18.00    
 **********       19.00       20.00       21.00       22.00    
 **********       23.00       24.00       25.00       26.00    
 **********       27.00    
 **********
 **********
 **    5 **MINIMIZE 
 **********
 START MIGRAD MINIMIZATION.  STRATEGY 1.  CONVERGENCE WHEN EDM .LT. 0.10E-02

 FCN=   60.47554     FROM MIGRAD    STATUS=INITIATE      20 CALLS       22 TOTAL
                     EDM= unknown      STRATEGY= 1      NO ERROR MATRIX       

  EXT PARAMETER               CURRENT GUESS       STEP         FIRST   
  NO.   NAME        VALUE          ERROR          SIZE      DERIVATIVE 
   1  M_Z           91.188         fixed    
   2  m_t MS-bar    164.52        4.0000        4.0000        1.7685    
   3  m_b           4.2006         fixed    
   4  m_c           1.2717         fixed    
   5  alpha_s      0.11900         fixed    
   6  da3cut       0.56910E-02     fixed    
   7  M_H           4.5000        1.0000        1.0000        14.454    
   8  T parametr    0.0000         fixed    
   9  S parametr    0.0000         fixed    
  10  U parametr    0.0000         fixed    
  11  B rho         0.0000         fixed    
  12  B kappa       0.0000         fixed    
  15  Z parametr    3.0000         fixed    
  16  M_Z^prime     1.0000         fixed    
  17  sin(theta)    0.0000         fixed    
  18  lambda_g      1.0000         fixed    
  19  e_1           0.0000         fixed    
  20  e_2           1.0000         fixed    
  21  u(d)_1        0.0000         fixed    
  22  u_2           0.0000         fixed    
  23  d_2           0.0000         fixed    
  24  tau_1         0.0000         fixed    
  25  tau_2         0.0000         fixed    
  26  t(b)_1        0.0000         fixed    
  27  b_2           0.0000         fixed    
  28  ln(x)         6.0000       0.10000E-02   0.20412E-03   -174.56    
  29  tan(phi)^2    1.1000       0.10000E-02   0.96314E-04    136.32    
  30  sin(2be)^2   0.10000       0.10000E-02   0.33334E-02    4.6616    
                               ERR DEF=  10.0    

 MIGRAD MINIMIZATION HAS CONVERGED.

 MIGRAD WILL VERIFY CONVERGENCE AND ERROR MATRIX.
 COVARIANCE MATRIX CALCULATED SUCCESSFULLY

 FCN=   43.01833     FROM HESSE     STATUS=OK            31 CALLS      286 TOTAL
                     EDM=  0.12E-01    STRATEGY= 1      ERROR MATRIX ACCURATE 

  EXT PARAMETER                                   STEP         FIRST   
  NO.   NAME        VALUE          ERROR          SIZE      DERIVATIVE 
   1  M_Z           91.188         fixed    
   2  m_t MS-bar    162.69        4.0191       0.40848E-02  -0.79162E-03
   3  m_b           4.2006         fixed    
   4  m_c           1.2717         fixed    
   5  alpha_s      0.11900         fixed    
   6  da3cut       0.56910E-02     fixed    
   7  M_H           4.1395        4.1248       0.88855E-03  -0.35550E-02
   8  T parametr    0.0000         fixed    
   9  S parametr    0.0000         fixed    
  10  U parametr    0.0000         fixed    
  11  B rho         0.0000         fixed    
  12  B kappa       0.0000         fixed    
  15  Z parametr    3.0000         fixed    
  16  M_Z^prime     1.0000         fixed    
  17  sin(theta)    0.0000         fixed    
  18  lambda_g      1.0000         fixed    
  19  e_1           0.0000         fixed    
  20  e_2           1.0000         fixed    
  21  u(d)_1        0.0000         fixed    
  22  u_2           0.0000         fixed    
  23  d_2           0.0000         fixed    
  24  tau_1         0.0000         fixed    
  25  tau_2         0.0000         fixed    
  26  t(b)_1        0.0000         fixed    
  27  b_2           0.0000         fixed    
  28  ln(x)         6.8868        5.3008       0.46733E-03  -0.12646    
  29  tan(phi)^2   0.25518        71.670       0.12565E-03   0.72994E-01
  30  sin(2be)^2   0.88080       0.51172       0.30066E-02   0.12198E-01
                               ERR DEF=  10.0    

 MIGRAD MINIMIZATION HAS CONVERGED.

 MIGRAD WILL VERIFY CONVERGENCE AND ERROR MATRIX.
 MINUIT WARNING IN HESSE   
 ============== Negative diagonal element  5 in Error Matrix
 MINUIT WARNING IN HESSE   
 ==============     0.10E+01 added to diagonal of error matrix
 COVARIANCE MATRIX CALCULATED SUCCESSFULLY

 FCN=   42.98624     FROM MIGRAD    STATUS=CONVERGED    522 CALLS      524 TOTAL
                     EDM=  0.26E-04    STRATEGY= 1      ERROR MATRIX ACCURATE 

  EXT PARAMETER                                   STEP         FIRST   
  NO.   NAME        VALUE          ERROR          SIZE      DERIVATIVE 
   1  M_Z           91.188         fixed    
   2  m_t MS-bar    162.70        2.9793       0.40854E-02   0.26481E-02
   3  m_b           4.2006         fixed    
   4  m_c           1.2717         fixed    
   5  alpha_s      0.11900         fixed    
   6  da3cut       0.56910E-02     fixed    
   7  M_H           4.4666       0.94681       0.83403E-03   0.94229E-02
   8  T parametr    0.0000         fixed    
   9  S parametr    0.0000         fixed    
  10  U parametr    0.0000         fixed    
  11  B rho         0.0000         fixed    
  12  B kappa       0.0000         fixed    
  15  Z parametr    3.0000         fixed    
  16  M_Z^prime     1.0000         fixed    
  17  sin(theta)    0.0000         fixed    
  18  lambda_g      1.0000         fixed    
  19  e_1           0.0000         fixed    
  20  e_2           1.0000         fixed    
  21  u(d)_1        0.0000         fixed    
  22  u_2           0.0000         fixed    
  23  d_2           0.0000         fixed    
  24  tau_1         0.0000         fixed    
  25  tau_2         0.0000         fixed    
  26  t(b)_1        0.0000         fixed    
  27  b_2           0.0000         fixed    
  28  ln(x)         8.2294        8.7696       0.16764E-02   0.42206E-02
  29  tan(phi)^2    1.9192        89.823       0.17067E-02   0.79764E-02
  30  sin(2be)^2   0.24549E-03   0.81521       0.10789      -0.90607E-04
                               ERR DEF=  10.0    

 EXTERNAL ERROR MATRIX.    NDIM= 100    NPAR=  5    ERR DEF=  10.0    
  0.888E+01 0.738E+00 0.173E+01-0.498E+01 0.198E-03
  0.738E+00 0.896E+00 0.180E+01 0.890E+01-0.278E-02
  0.173E+01 0.180E+01 0.442E+02-0.725E+02-0.553E-02
 -0.498E+01 0.890E+01-0.725E+02 0.732E+03 0.213E-01
  0.198E-03-0.278E-02-0.553E-02 0.213E-01 0.492E-02

 PARAMETER  CORRELATION COEFFICIENTS
       NO.  GLOBAL     2     7    28    29    30
        2  0.32256  1.000 0.262 0.088-0.062 0.001
        7  0.63443  0.262 1.000 0.285 0.347-0.042
       28  0.61235  0.088 0.285 1.000-0.403-0.012
       29  0.64739 -0.062 0.347-0.403 1.000 0.011
       30  0.05673  0.001-0.042-0.012 0.011 1.000
 **********
 **    6 **MINIMIZE 
 **********
 START MIGRAD MINIMIZATION.  STRATEGY 1.  CONVERGENCE WHEN EDM .LT. 0.10E-02

 FCN=   42.98624     FROM MIGRAD    STATUS=INITIATE      10 CALLS      534 TOTAL
                     EDM=  0.13E-04    STRATEGY= 1      ERROR MATRIX ACCURATE 

  EXT PARAMETER                                   STEP         FIRST   
  NO.   NAME        VALUE          ERROR          SIZE      DERIVATIVE 
   1  M_Z           91.188         fixed    
   2  m_t MS-bar    162.70        2.9793       0.40854E-02   0.26481E-02
   3  m_b           4.2006         fixed    
   4  m_c           1.2717         fixed    
   5  alpha_s      0.11900         fixed    
   6  da3cut       0.56910E-02     fixed    
   7  M_H           4.4666       0.94681       0.83403E-03   0.94251E-02
   8  T parametr    0.0000         fixed    
   9  S parametr    0.0000         fixed    
  10  U parametr    0.0000         fixed    
  11  B rho         0.0000         fixed    
  12  B kappa       0.0000         fixed    
  15  Z parametr    3.0000         fixed    
  16  M_Z^prime     1.0000         fixed    
  17  sin(theta)    0.0000         fixed    
  18  lambda_g      1.0000         fixed    
  19  e_1           0.0000         fixed    
  20  e_2           1.0000         fixed    
  21  u(d)_1        0.0000         fixed    
  22  u_2           0.0000         fixed    
  23  d_2           0.0000         fixed    
  24  tau_1         0.0000         fixed    
  25  tau_2         0.0000         fixed    
  26  t(b)_1        0.0000         fixed    
  27  b_2           0.0000         fixed    
  28  ln(x)         8.2294        8.7696       0.16764E-02   0.41642E-02
  29  tan(phi)^2    1.9192        89.823       0.17067E-02   0.80623E-02
  30  sin(2be)^2   0.24549E-03   0.81521       0.10789      -0.77018E-04
                               ERR DEF=  10.0    

 MIGRAD MINIMIZATION HAS CONVERGED.

 FCN=   42.98623     FROM MIGRAD    STATUS=CONVERGED     22 CALLS      546 TOTAL
                     EDM=  0.35E-06  STRATEGY=1  ERROR MATRIX UNCERTAINTY=  2.2%

  EXT PARAMETER                                   STEP         FIRST   
  NO.   NAME        VALUE          ERROR          SIZE      DERIVATIVE 
   1  M_Z           91.188         fixed    
   2  m_t MS-bar    162.70        3.2221      -0.18090E-02   0.12382E-02
   3  m_b           4.2006         fixed    
   4  m_c           1.2717         fixed    
   5  alpha_s      0.11900         fixed    
   6  da3cut       0.56910E-02     fixed    
   7  M_H           4.4655       0.99749      -0.10836E-02  -0.15257E-02
   8  T parametr    0.0000         fixed    
   9  S parametr    0.0000         fixed    
  10  U parametr    0.0000         fixed    
  11  B rho         0.0000         fixed    
  12  B kappa       0.0000         fixed    
  15  Z parametr    3.0000         fixed    
  16  M_Z^prime     1.0000         fixed    
  17  sin(theta)    0.0000         fixed    
  18  lambda_g      1.0000         fixed    
  19  e_1           0.0000         fixed    
  20  e_2           1.0000         fixed    
  21  u(d)_1        0.0000         fixed    
  22  u_2           0.0000         fixed    
  23  d_2           0.0000         fixed    
  24  tau_1         0.0000         fixed    
  25  tau_2         0.0000         fixed    
  26  t(b)_1        0.0000         fixed    
  27  b_2           0.0000         fixed    
  28  ln(x)         8.2277        8.7590      -0.43533E-03  -0.58557E-03
  29  tan(phi)^2    1.9453        91.560      -0.18996E-02  -0.17683E-04
  30  sin(2be)^2   0.24817E-03   0.81504       0.17022E-03  -0.36033E-04
                               ERR DEF=  10.0    

 EXTERNAL ERROR MATRIX.    NDIM= 100    NPAR=  5    ERR DEF=  10.0    
  0.104E+02 0.127E+01 0.220E+01 0.832E+01-0.157E-02
  0.127E+01 0.995E+00 0.174E+01 0.116E+02-0.331E-02
  0.220E+01 0.174E+01 0.438E+02-0.740E+02-0.583E-02
  0.832E+01 0.116E+02-0.740E+02 0.812E+03 0.854E-02
 -0.157E-02-0.331E-02-0.583E-02 0.854E-02 0.498E-02

 PARAMETER  CORRELATION COEFFICIENTS
       NO.  GLOBAL     2     7    28    29    30
        2  0.40701  1.000 0.395 0.103 0.091-0.007
        7  0.68331  0.395 1.000 0.263 0.408-0.047
       28  0.60976  0.103 0.263 1.000-0.392-0.012
       29  0.66485  0.091 0.408-0.392 1.000 0.004
       30  0.05857 -0.007-0.047-0.012 0.004 1.000
 **********
 **    7 **IMPROVE 
 **********

 START ATTEMPT NO. 1 TO FIND NEW MINIMUM
 START SIMPLEX MINIMIZATION.    CONVERGENCE WHEN EDM .LT.  0.10E+01

 FCN=   44.11644     FROM SIMPLEX   STATUS=PROGRESS      13 CALLS      614 TOTAL
                     EDM=  0.18E+02  STRATEGY=1  ERROR MATRIX UNCERTAINTY=  2.2%

  EXT PARAMETER                                   STEP         FIRST   
  NO.   NAME        VALUE          ERROR          SIZE      DERIVATIVE 
   1  M_Z           91.188         fixed    
   2  m_t MS-bar    162.30        3.2221        3.2221       -68.080    
   3  m_b           4.2006         fixed    
   4  m_c           1.2717         fixed    
   5  alpha_s      0.11900         fixed    
   6  da3cut       0.56910E-02     fixed    
   7  M_H           4.2234       0.99749       0.99749        1627.5    
   8  T parametr    0.0000         fixed    
   9  S parametr    0.0000         fixed    
  10  U parametr    0.0000         fixed    
  11  B rho         0.0000         fixed    
  12  B kappa       0.0000         fixed    
  15  Z parametr    3.0000         fixed    
  16  M_Z^prime     1.0000         fixed    
  17  sin(theta)    0.0000         fixed    
  18  lambda_g      1.0000         fixed    
  19  e_1           0.0000         fixed    
  20  e_2           1.0000         fixed    
  21  u(d)_1        0.0000         fixed    
  22  u_2           0.0000         fixed    
  23  d_2           0.0000         fixed    
  24  tau_1         0.0000         fixed    
  25  tau_2         0.0000         fixed    
  26  t(b)_1        0.0000         fixed    
  27  b_2           0.0000         fixed    
  28  ln(x)         7.7356        8.7590       0.83713       -947.13    
  29  tan(phi)^2    99.542        91.560        54.232       -1288.2    
  30  sin(2be)^2   0.19796E-01   0.81504        23.404        14.787    
                               ERR DEF=  10.0    
 SIMPLEX MINIMIZATION HAS CONVERGED.

 FCN=   43.15982     FROM SIMPLEX   STATUS=PROGRESS      27 CALLS      628 TOTAL
                     EDM=  0.84E+00  STRATEGY=1  ERROR MATRIX UNCERTAINTY=  2.2%

  EXT PARAMETER                                   STEP         FIRST   
  NO.   NAME        VALUE          ERROR          SIZE      DERIVATIVE 
   1  M_Z           91.188         fixed    
   2  m_t MS-bar    162.91        3.2221        1.6766       -68.080    
   3  m_b           4.2006         fixed    
   4  m_c           1.2717         fixed    
   5  alpha_s      0.11900         fixed    
   6  da3cut       0.56910E-02     fixed    
   7  M_H           4.4957       0.99749       0.28924        1627.5    
   8  T parametr    0.0000         fixed    
   9  S parametr    0.0000         fixed    
  10  U parametr    0.0000         fixed    
  11  B rho         0.0000         fixed    
  12  B kappa       0.0000         fixed    
  15  Z parametr    3.0000         fixed    
  16  M_Z^prime     1.0000         fixed    
  17  sin(theta)    0.0000         fixed    
  18  lambda_g      1.0000         fixed    
  19  e_1           0.0000         fixed    
  20  e_2           1.0000         fixed    
  21  u(d)_1        0.0000         fixed    
  22  u_2           0.0000         fixed    
  23  d_2           0.0000         fixed    
  24  tau_1         0.0000         fixed    
  25  tau_2         0.0000         fixed    
  26  t(b)_1        0.0000         fixed    
  27  b_2           0.0000         fixed    
  28  ln(x)         9.4499        8.7590       0.73740       -947.13    
  29  tan(phi)^2    87.793        91.560        46.662       -1288.2    
  30  sin(2be)^2   0.99912       0.81504        14.044        14.787    
                               ERR DEF=  10.0    
 IMPROVE HAS RETURNED TO REGION OF ORIGINAL MINIMUM

 FCN=   42.98623     FROM SIMPLEX   STATUS=RESET         27 CALLS      628 TOTAL
                     EDM=  0.35E-06  STRATEGY=1  ERROR MATRIX UNCERTAINTY= 50.0%

  EXT PARAMETER                APPROXIMATE     INTERNAL      INTERNAL  
  NO.   NAME        VALUE          ERROR       STEP SIZE       VALUE   
   1  M_Z           91.188         fixed    
   2  m_t MS-bar    162.70        3.2221       0.32221E-01    162.70    
   3  m_b           4.2006         fixed    
   4  m_c           1.2717         fixed    
   5  alpha_s      0.11900         fixed    
   6  da3cut       0.56910E-02     fixed    
   7  M_H           4.4655       0.99749       0.99749E-02    4.4655    
   8  T parametr    0.0000         fixed    
   9  S parametr    0.0000         fixed    
  10  U parametr    0.0000         fixed    
  11  B rho         0.0000         fixed    
  12  B kappa       0.0000         fixed    
  15  Z parametr    3.0000         fixed    
  16  M_Z^prime     1.0000         fixed    
  17  sin(theta)    0.0000         fixed    
  18  lambda_g      1.0000         fixed    
  19  e_1           0.0000         fixed    
  20  e_2           1.0000         fixed    
  21  u(d)_1        0.0000         fixed    
  22  u_2           0.0000         fixed    
  23  d_2           0.0000         fixed    
  24  tau_1         0.0000         fixed    
  25  tau_2         0.0000         fixed    
  26  t(b)_1        0.0000         fixed    
  27  b_2           0.0000         fixed    
  28  ln(x)         8.2277        8.7590       0.87590E-01   0.70174    
  29  tan(phi)^2    1.9453        91.560       0.91560       -1.8499    
  30  sin(2be)^2   0.24817E-03   0.81504       0.81504E-02   -1.5393    
                               ERR DEF=  10.0    
 **********
 **    8 **IMPROVE 
 **********
 MINUIT WARNING IN HESSE   
 ============== Negative diagonal element  5 in Error Matrix
 MINUIT WARNING IN HESSE   
 ==============     0.10E+01 added to diagonal of error matrix
 COVARIANCE MATRIX CALCULATED SUCCESSFULLY

 START ATTEMPT NO. 1 TO FIND NEW MINIMUM
 START SIMPLEX MINIMIZATION.    CONVERGENCE WHEN EDM .LT.  0.10E+01

 FCN=   51.02700     FROM SIMPLEX   STATUS=PROGRESS      17 CALLS      724 TOTAL
                     EDM=  0.19E+02    STRATEGY= 1      ERROR MATRIX ACCURATE 

  EXT PARAMETER                                   STEP         FIRST   
  NO.   NAME        VALUE          ERROR          SIZE      DERIVATIVE 
   1  M_Z           91.188         fixed    
   2  m_t MS-bar    165.72        2.9787        1.1915        92.466    
   3  m_b           4.2006         fixed    
   4  m_c           1.2717         fixed    
   5  alpha_s      0.11900         fixed    
   6  da3cut       0.56910E-02     fixed    
   7  M_H           5.0783       0.94334       0.37734       -1033.2    
   8  T parametr    0.0000         fixed    
   9  S parametr    0.0000         fixed    
  10  U parametr    0.0000         fixed    
  11  B rho         0.0000         fixed    
  12  B kappa       0.0000         fixed    
  15  Z parametr    3.0000         fixed    
  16  M_Z^prime     1.0000         fixed    
  17  sin(theta)    0.0000         fixed    
  18  lambda_g      1.0000         fixed    
  19  e_1           0.0000         fixed    
  20  e_2           1.0000         fixed    
  21  u(d)_1        0.0000         fixed    
  22  u_2           0.0000         fixed    
  23  d_2           0.0000         fixed    
  24  tau_1         0.0000         fixed    
  25  tau_2         0.0000         fixed    
  26  t(b)_1        0.0000         fixed    
  27  b_2           0.0000         fixed    
  28  ln(x)         9.9639        8.7629        82.811        539.71    
  29  tan(phi)^2    95.079        90.136        4.1672        924.33    
  30  sin(2be)^2   0.21847       0.81525        25.649       -11.661    
                               ERR DEF=  10.0    

 FCN=   43.79754     FROM SIMPLEX   STATUS=PROGRESS      38 CALLS      745 TOTAL
                     EDM=  0.72E+01    STRATEGY= 1      ERROR MATRIX ACCURATE 

  EXT PARAMETER                                   STEP         FIRST   
  NO.   NAME        VALUE          ERROR          SIZE      DERIVATIVE 
   1  M_Z           91.188         fixed    
   2  m_t MS-bar    163.81        2.9787        1.9064        92.466    
   3  m_b           4.2006         fixed    
   4  m_c           1.2717         fixed    
   5  alpha_s      0.11900         fixed    
   6  da3cut       0.56910E-02     fixed    
   7  M_H           4.4746       0.94334       0.60374       -1033.2    
   8  T parametr    0.0000         fixed    
   9  S parametr    0.0000         fixed    
  10  U parametr    0.0000         fixed    
  11  B rho         0.0000         fixed    
  12  B kappa       0.0000         fixed    
  15  Z parametr    3.0000         fixed    
  16  M_Z^prime     1.0000         fixed    
  17  sin(theta)    0.0000         fixed    
  18  lambda_g      1.0000         fixed    
  19  e_1           0.0000         fixed    
  20  e_2           1.0000         fixed    
  21  u(d)_1        0.0000         fixed    
  22  u_2           0.0000         fixed    
  23  d_2           0.0000         fixed    
  24  tau_1         0.0000         fixed    
  25  tau_2         0.0000         fixed    
  26  t(b)_1        0.0000         fixed    
  27  b_2           0.0000         fixed    
  28  ln(x)         8.4702        8.7629        13.250        539.71    
  29  tan(phi)^2    9.6861        90.136        166.69        924.33    
  30  sin(2be)^2   0.45902       0.81525        25.649       -11.661    
                               ERR DEF=  10.0    

 FCN=   43.18608     FROM SIMPLEX   STATUS=PROGRESS      55 CALLS      762 TOTAL
                     EDM=  0.14E+08    STRATEGY= 1      ERROR MATRIX ACCURATE 

  EXT PARAMETER                                   STEP         FIRST   
  NO.   NAME        VALUE          ERROR          SIZE      DERIVATIVE 
   1  M_Z           91.188         fixed    
   2  m_t MS-bar    163.05        2.9787       0.76255        92.466    
   3  m_b           4.2006         fixed    
   4  m_c           1.2717         fixed    
   5  alpha_s      0.11900         fixed    
   6  da3cut       0.56910E-02     fixed    
   7  M_H           4.4746       0.94334       0.24150       -1033.2    
   8  T parametr    0.0000         fixed    
   9  S parametr    0.0000         fixed    
  10  U parametr    0.0000         fixed    
  11  B rho         0.0000         fixed    
  12  B kappa       0.0000         fixed    
  15  Z parametr    3.0000         fixed    
  16  M_Z^prime     1.0000         fixed    
  17  sin(theta)    0.0000         fixed    
  18  lambda_g      1.0000         fixed    
  19  e_1           0.0000         fixed    
  20  e_2           1.0000         fixed    
  21  u(d)_1        0.0000         fixed    
  22  u_2           0.0000         fixed    
  23  d_2           0.0000         fixed    
  24  tau_1         0.0000         fixed    
  25  tau_2         0.0000         fixed    
  26  t(b)_1        0.0000         fixed    
  27  b_2           0.0000         fixed    
  28  ln(x)         8.4702        8.7629        2.1200        539.71    
  29  tan(phi)^2    9.6861        90.136        26.670        924.33    
  30  sin(2be)^2   0.45902       0.81525        4.1038       -11.661    
                               ERR DEF=  10.0    
 SIMPLEX MINIMIZATION HAS CONVERGED.

 FCN=   43.15209     FROM SIMPLEX   STATUS=PROGRESS      62 CALLS      769 TOTAL
                     EDM=  0.58E+00    STRATEGY= 1      ERROR MATRIX ACCURATE 

  EXT PARAMETER                                   STEP         FIRST   
  NO.   NAME        VALUE          ERROR          SIZE      DERIVATIVE 
   1  M_Z           91.188         fixed    
   2  m_t MS-bar    162.76        2.9787       0.73875        92.466    
   3  m_b           4.2006         fixed    
   4  m_c           1.2717         fixed    
   5  alpha_s      0.11900         fixed    
   6  da3cut       0.56910E-02     fixed    
   7  M_H           4.3873       0.94334       0.28400       -1033.2    
   8  T parametr    0.0000         fixed    
   9  S parametr    0.0000         fixed    
  10  U parametr    0.0000         fixed    
  11  B rho         0.0000         fixed    
  12  B kappa       0.0000         fixed    
  15  Z parametr    3.0000         fixed    
  16  M_Z^prime     1.0000         fixed    
  17  sin(theta)    0.0000         fixed    
  18  lambda_g      1.0000         fixed    
  19  e_1           0.0000         fixed    
  20  e_2           1.0000         fixed    
  21  u(d)_1        0.0000         fixed    
  22  u_2           0.0000         fixed    
  23  d_2           0.0000         fixed    
  24  tau_1         0.0000         fixed    
  25  tau_2         0.0000         fixed    
  26  t(b)_1        0.0000         fixed    
  27  b_2           0.0000         fixed    
  28  ln(x)         9.1537        8.7629        1.6196        539.71    
  29  tan(phi)^2    90.363        90.136        30.511        924.33    
  30  sin(2be)^2   0.95552       0.81525        3.1681       -11.661    
                               ERR DEF=  10.0    
 IMPROVE HAS RETURNED TO REGION OF ORIGINAL MINIMUM

 FCN=   42.98623     FROM SIMPLEX   STATUS=RESET         62 CALLS      769 TOTAL
                     EDM=  0.71E-06  STRATEGY=1  ERROR MATRIX UNCERTAINTY= 50.0%

  EXT PARAMETER                APPROXIMATE     INTERNAL      INTERNAL  
  NO.   NAME        VALUE          ERROR       STEP SIZE       VALUE   
   1  M_Z           91.188         fixed    
   2  m_t MS-bar    162.70        2.9787       0.29787E-01    162.70    
   3  m_b           4.2006         fixed    
   4  m_c           1.2717         fixed    
   5  alpha_s      0.11900         fixed    
   6  da3cut       0.56910E-02     fixed    
   7  M_H           4.4655       0.94334       0.94334E-02    4.4655    
   8  T parametr    0.0000         fixed    
   9  S parametr    0.0000         fixed    
  10  U parametr    0.0000         fixed    
  11  B rho         0.0000         fixed    
  12  B kappa       0.0000         fixed    
  15  Z parametr    3.0000         fixed    
  16  M_Z^prime     1.0000         fixed    
  17  sin(theta)    0.0000         fixed    
  18  lambda_g      1.0000         fixed    
  19  e_1           0.0000         fixed    
  20  e_2           1.0000         fixed    
  21  u(d)_1        0.0000         fixed    
  22  u_2           0.0000         fixed    
  23  d_2           0.0000         fixed    
  24  tau_1         0.0000         fixed    
  25  tau_2         0.0000         fixed    
  26  t(b)_1        0.0000         fixed    
  27  b_2           0.0000         fixed    
  28  ln(x)         8.2277        8.7629       0.87629E-01   0.70174    
  29  tan(phi)^2    1.9453        90.136       0.90136       -1.8499    
  30  sin(2be)^2   0.24817E-03   0.81525       0.81525E-02   -1.5393    
                               ERR DEF=  10.0    
 **********
 **    9 **IMPROVE 
 **********
 EIGENVALUES OF SECOND-DERIVATIVE MATRIX:
        -0.2334E+00  0.3517E+00  0.5403E+00  0.9391E+00  0.3402E+01
 MINUIT WARNING IN HESSE   
 ============== MATRIX FORCED POS-DEF BY ADDING  0.23685     TO DIAGONAL.

 START ATTEMPT NO. 1 TO FIND NEW MINIMUM

 COVARIANCE MATRIX WAS NOT POSITIVE-DEFINITE
 IMPROVE HAS RETURNED TO REGION OF ORIGINAL MINIMUM

 FCN=   42.98623     FROM HESSE     STATUS=RESET         43 CALLS      812 TOTAL
                     EDM=  0.60E-04  STRATEGY=1  ERROR MATRIX UNCERTAINTY= 50.0%

  EXT PARAMETER                APPROXIMATE     INTERNAL      INTERNAL  
  NO.   NAME        VALUE          ERROR       STEP SIZE       VALUE   
   1  M_Z           91.188         fixed    
   2  m_t MS-bar    162.70        6.0158       0.60158E-01    162.70    
   3  m_b           4.2006         fixed    
   4  m_c           1.2717         fixed    
   5  alpha_s      0.11900         fixed    
   6  da3cut       0.56910E-02     fixed    
   7  M_H           4.4655        7.9286       0.79286E-01    4.4655    
   8  T parametr    0.0000         fixed    
   9  S parametr    0.0000         fixed    
  10  U parametr    0.0000         fixed    
  11  B rho         0.0000         fixed    
  12  B kappa       0.0000         fixed    
  15  Z parametr    3.0000         fixed    
  16  M_Z^prime     1.0000         fixed    
  17  sin(theta)    0.0000         fixed    
  18  lambda_g      1.0000         fixed    
  19  e_1           0.0000         fixed    
  20  e_2           1.0000         fixed    
  21  u(d)_1        0.0000         fixed    
  22  u_2           0.0000         fixed    
  23  d_2           0.0000         fixed    
  24  tau_1         0.0000         fixed    
  25  tau_2         0.0000         fixed    
  26  t(b)_1        0.0000         fixed    
  27  b_2           0.0000         fixed    
  28  ln(x)         8.2277        8.9080       0.89080E-01   0.70174    
  29  tan(phi)^2    1.9453        50.955       0.50955       -1.8499    
  30  sin(2be)^2   0.24817E-03   0.74101       0.74101E-02   -1.5393    
                               ERR DEF=  10.0    
 **********
 **   10 **SEEK 
 **********
 MNSEEK: MONTE CARLO MINIMIZATION USING METROPOLIS ALGORITHM
 TO STOP AFTER   200 SUCCESSIVE FAILURES, OR   2000 STEPS
 MAXIMUM STEP SIZE IS    3.000 ERROR BARS.

 FCN=   42.98623     FROM SEEk      STATUS=UNCHANGED    200 CALLS     1012 TOTAL
                     EDM=  0.60E-04  STRATEGY=1  ERROR MATRIX UNCERTAINTY= 50.0%

  EXT PARAMETER                APPROXIMATE     INTERNAL      INTERNAL  
  NO.   NAME        VALUE          ERROR       STEP SIZE       VALUE   
   1  M_Z           91.188         fixed    
   2  m_t MS-bar    162.70        6.0158        36.095        162.70    
   3  m_b           4.2006         fixed    
   4  m_c           1.2717         fixed    
   5  alpha_s      0.11900         fixed    
   6  da3cut       0.56910E-02     fixed    
   7  M_H           4.4655        7.9286        47.572        4.4655    
   8  T parametr    0.0000         fixed    
   9  S parametr    0.0000         fixed    
  10  U parametr    0.0000         fixed    
  11  B rho         0.0000         fixed    
  12  B kappa       0.0000         fixed    
  15  Z parametr    3.0000         fixed    
  16  M_Z^prime     1.0000         fixed    
  17  sin(theta)    0.0000         fixed    
  18  lambda_g      1.0000         fixed    
  19  e_1           0.0000         fixed    
  20  e_2           1.0000         fixed    
  21  u(d)_1        0.0000         fixed    
  22  u_2           0.0000         fixed    
  23  d_2           0.0000         fixed    
  24  tau_1         0.0000         fixed    
  25  tau_2         0.0000         fixed    
  26  t(b)_1        0.0000         fixed    
  27  b_2           0.0000         fixed    
  28  ln(x)         8.2277        8.9080        6.2832       0.70174    
  29  tan(phi)^2    1.9453        50.955        6.2832       -1.8499    
  30  sin(2be)^2   0.24817E-03   0.74101        6.2832       -1.5393    
                               ERR DEF=  10.0    
 **********
 **   11 **MINOS 
 **********
 EIGENVALUES OF SECOND-DERIVATIVE MATRIX:
        -0.1711E+00  0.3625E+00  0.5308E+00  0.9347E+00  0.3343E+01
 MINUIT WARNING IN HESSE   
 ============== MATRIX FORCED POS-DEF BY ADDING  0.17447     TO DIAGONAL.
 MIGRAD FAILS WITH STRATEGY=0.   WILL TRY WITH STRATEGY=1.
 MINUIT WARNING IN HESSE   
 ============== Negative diagonal element  3 in Error Matrix
 MINUIT WARNING IN HESSE   
 ==============     0.19E+01 added to diagonal of error matrix
 MIGRAD FAILS WITH STRATEGY=0.   WILL TRY WITH STRATEGY=1.
 MINUIT WARNING IN HESSE   
 ============== Negative diagonal element  2 in Error Matrix
 MINUIT WARNING IN HESSE   
 ==============     0.71E+04 added to diagonal of error matrix
 EIGENVALUES OF SECOND-DERIVATIVE MATRIX:
        -0.1260E+02  0.1000E+01  0.1000E+01  0.1460E+02
 MINUIT WARNING IN HESSE   
 ============== MATRIX FORCED POS-DEF BY ADDING   12.619     TO DIAGONAL.
 MINUIT WARNING IN MIGRAD  
 ============== Negative diagonal element  1 in Error Matrix
 MINUIT WARNING IN MIGRAD  
 ==============     0.10E+01 added to diagonal of error matrix
                         NEGATIVE MINOS ERROR NOT CALCULATED FOR PARAMETER   2

 CALL LIMIT EXCEEDED IN MIGRAD.
                         POSITIVE MINOS ERROR NOT CALCULATED FOR PARAMETER   7

 MIGRAD FAILS WITH STRATEGY=0.   WILL TRY WITH STRATEGY=1.
 MINUIT WARNING IN HESSE   
 ============== Negative diagonal element  3 in Error Matrix
 MINUIT WARNING IN HESSE   
 ==============     0.52E+02 added to diagonal of error matrix
 EIGENVALUES OF SECOND-DERIVATIVE MATRIX:
        -0.2274E+01  0.9491E+00  0.1143E+01  0.4182E+01
 MINUIT WARNING IN HESSE   
 ============== MATRIX FORCED POS-DEF BY ADDING   2.2781     TO DIAGONAL.
 MINUIT WARNING IN MIGRAD  
 ============== Negative diagonal element  2 in Error Matrix
 MINUIT WARNING IN MIGRAD  
 ============== Negative diagonal element  3 in Error Matrix
 MINUIT WARNING IN MIGRAD  
 ==============     0.36E+01 added to diagonal of error matrix
                         NEGATIVE MINOS ERROR NOT CALCULATED FOR PARAMETER   7

 MIGRAD FAILS WITH STRATEGY=0.   WILL TRY WITH STRATEGY=1.
     THE POSITIVE MINOS ERROR OF PARAMETER 28, ln(x)     , EXCEEDS ITS LIMIT.

 CALL LIMIT EXCEEDED IN MIGRAD.
                         NEGATIVE MINOS ERROR NOT CALCULATED FOR PARAMETER  28

 MINUIT WARNING IN MIGRAD  
 ============== VARIABLE  28 IS AT ITS LOWER ALLOWED LIMIT
 MIGRAD FAILS WITH STRATEGY=0.   WILL TRY WITH STRATEGY=1.
     THE POSITIVE MINOS ERROR OF PARAMETER 29, tan(phi)^2, EXCEEDS ITS LIMIT.

     THE NEGATIVE MINOS ERROR OF PARAMETER 29, tan(phi)^2, EXCEEDS ITS LIMIT.

 MINUIT WARNING IN MIGRAD  
 ============== VARIABLE  29 IS AT ITS LOWER ALLOWED LIMIT
 MIGRAD FAILS WITH STRATEGY=0.   WILL TRY WITH STRATEGY=1.
 MINUIT WARNING IN HESSE   
 ============== Negative diagonal element  4 in Error Matrix
 MINUIT WARNING IN HESSE   
 ==============     0.48E+02 added to diagonal of error matrix
 MINUIT WARNING IN MIGRAD  
 ============== Negative diagonal element  3 in Error Matrix
 MINUIT WARNING IN MIGRAD  
 ============== Negative diagonal element  4 in Error Matrix
 MINUIT WARNING IN MIGRAD  
 ==============     0.19E+01 added to diagonal of error matrix
                         POSITIVE MINOS ERROR NOT CALCULATED FOR PARAMETER  30

     THE NEGATIVE MINOS ERROR OF PARAMETER 30, sin(2be)^2, EXCEEDS ITS LIMIT.

 MINUIT WARNING IN MIGRAD  
 ============== VARIABLE  30 IS AT ITS LOWER ALLOWED LIMIT

 MINUIT TASK: fp-d                                              

 FCN=   42.98623     FROM MINOS     STATUS=PROBLEMS    2672 CALLS     3721 TOTAL
                     EDM=  0.37E-04    STRATEGY= 1      ERR MATRIX NOT POS-DEF

  EXT PARAMETER                  PARABOLIC         MINOS ERRORS        
  NO.   NAME        VALUE          ERROR      NEGATIVE      POSITIVE   
   1  M_Z           91.188         fixed    
   2  m_t MS-bar    162.70        5.6598                      4.0137    
   3  m_b           4.2006         fixed    
   4  m_c           1.2717         fixed    
   5  alpha_s      0.11900         fixed    
   6  da3cut       0.56910E-02     fixed    
   7  M_H           4.4655        8.1095                                
   8  T parametr    0.0000         fixed    
   9  S parametr    0.0000         fixed    
  10  U parametr    0.0000         fixed    
  11  B rho         0.0000         fixed    
  12  B kappa       0.0000         fixed    
  15  Z parametr    3.0000         fixed    
  16  M_Z^prime     1.0000         fixed    
  17  sin(theta)    0.0000         fixed    
  18  lambda_g      1.0000         fixed    
  19  e_1           0.0000         fixed    
  20  e_2           1.0000         fixed    
  21  u(d)_1        0.0000         fixed    
  22  u_2           0.0000         fixed    
  23  d_2           0.0000         fixed    
  24  tau_1         0.0000         fixed    
  25  tau_2         0.0000         fixed    
  26  t(b)_1        0.0000         fixed    
  27  b_2           0.0000         fixed    
  28  ln(x)         8.2277        8.7641                     at limit   
  29  tan(phi)^2    1.9453        53.578       at limit      at limit   
  30  sin(2be)^2   0.24817E-03   0.93569       at limit                 
                               ERR DEF=  10.0    
 **********
 **   12 **HESSE 
 **********
 EIGENVALUES OF SECOND-DERIVATIVE MATRIX:
        -0.1729E+00  0.3534E+00  0.5310E+00  0.9319E+00  0.3357E+01
 MINUIT WARNING IN HESSE   
 ============== MATRIX FORCED POS-DEF BY ADDING  0.17628     TO DIAGONAL.

 FCN=   42.98623     FROM HESSE     STATUS=NOT POSDEF    39 CALLS     3760 TOTAL
                     EDM=  0.37E-04    STRATEGY= 1      ERR MATRIX NOT POS-DEF

  EXT PARAMETER                APPROXIMATE     INTERNAL      INTERNAL  
  NO.   NAME        VALUE          ERROR       STEP SIZE       VALUE   
   1  M_Z           91.188         fixed    
   2  m_t MS-bar    162.70        5.6148       0.40855E-02    162.70    
   3  m_b           4.2006         fixed    
   4  m_c           1.2717         fixed    
   5  alpha_s      0.11900         fixed    
   6  da3cut       0.56910E-02     fixed    
   7  M_H           4.4655        8.0570       0.83349E-03    4.4655    
   8  T parametr    0.0000         fixed    
   9  S parametr    0.0000         fixed    
  10  U parametr    0.0000         fixed    
  11  B rho         0.0000         fixed    
  12  B kappa       0.0000         fixed    
  15  Z parametr    3.0000         fixed    
  16  M_Z^prime     1.0000         fixed    
  17  sin(theta)    0.0000         fixed    
  18  lambda_g      1.0000         fixed    
  19  e_1           0.0000         fixed    
  20  e_2           1.0000         fixed    
  21  u(d)_1        0.0000         fixed    
  22  u_2           0.0000         fixed    
  23  d_2           0.0000         fixed    
  24  tau_1         0.0000         fixed    
  25  tau_2         0.0000         fixed    
  26  t(b)_1        0.0000         fixed    
  27  b_2           0.0000         fixed    
  28  ln(x)         8.2277        8.8250       0.16007E-02   0.70174    
  29  tan(phi)^2    1.9453        50.981       0.18825E-02   -1.8499    
  30  sin(2be)^2   0.24817E-03   0.98937       0.50000       -1.5393    
                               ERR DEF=  10.0    

 EXTERNAL ERROR MATRIX.    NDIM= 100    NPAR=  5    ERR DEF=  10.0    
  0.315E+02-0.337E+02-0.102E+02 0.305E+03 0.250E+02
 -0.337E+02 0.649E+02 0.237E+02-0.576E+03-0.464E+02
 -0.102E+02 0.237E+02 0.466E+02-0.269E+03-0.161E+02
  0.305E+03-0.576E+03-0.269E+03 0.596E+04 0.421E+03
  0.250E+02-0.464E+02-0.161E+02 0.421E+03 0.336E+02
 ERR MATRIX NOT POS-DEF

 PARAMETER  CORRELATION COEFFICIENTS
       NO.  GLOBAL     2     7    28    29    30
        2  0.80232  1.000-0.745-0.265 0.704 0.769
        7  0.99639 -0.745 1.000 0.432-0.925-0.994
       28  0.67140 -0.265 0.432 1.000-0.511-0.408
       29  0.96387  0.704-0.925-0.511 1.000 0.941
       30  0.99748  0.769-0.994-0.408 0.941 1.000
 ERR MATRIX NOT POS-DEF
 **********
 **   13 **#MNCONTOURS    28.00       29.00       50.00    
 **********
           UNKNOWN COMMAND IGNORED:#MNCONTOURS 
 **********
 **   14 **RETURN 
 **********

 CALL TO USER FUNCTION WITH IFLAG = 3

 ..........MINUIT TERMINATED AND RETURNS TO USER PROGRAM.            
