 ***************************************************************************
  MINUIT RELEASE 96.03  INITIALIZED.   DIMENSIONS 100/ 50  EPSMAC=  0.89E-15
 ***************************************************************************
                          MINUIT DATA BLOCK NO.   1
 ***************************************************************************
 ENTER MINUIT TITLE, or "SET INPUT n" : 
 ENTER MINUIT TITLE, or "SET INPUT n" : 
 hp-d                                              
 ******************************************************************************
 ENTER MINUIT PARAMETER DEFINITION:     
 ENTER MINUIT PARAMETER DEFINITION:     
     1 'M_Z       '    91.188      0.60000E-02     no limits
 ENTER MINUIT PARAMETER DEFINITION:     
     2 'm_t MS-bar'    164.52       4.0000         no limits
 ENTER MINUIT PARAMETER DEFINITION:     
     3 'm_b       '    4.2006      0.10000         no limits
 ENTER MINUIT PARAMETER DEFINITION:     
     4 'm_c       '    1.2717      0.10000         no limits
 ENTER MINUIT PARAMETER DEFINITION:     
     5 'alpha_s   '   0.11900      0.60000E-02     no limits
 ENTER MINUIT PARAMETER DEFINITION:     
     6 'da3cut    '   0.56910E-02  0.30000E-03     no limits
 ENTER MINUIT PARAMETER DEFINITION:     
     7 'M_H       '    4.5000       1.0000         no limits
 ENTER MINUIT PARAMETER DEFINITION:     
     8 'T parametr'    0.0000       1.0000         no limits
 ENTER MINUIT PARAMETER DEFINITION:     
     9 'S parametr'    0.0000       1.0000         no limits
 ENTER MINUIT PARAMETER DEFINITION:     
    10 'U parametr'    0.0000       1.0000         no limits
 ENTER MINUIT PARAMETER DEFINITION:     
    11 'B rho     '    0.0000      0.10000         no limits
 ENTER MINUIT PARAMETER DEFINITION:     
    12 'B kappa   '    0.0000      0.10000         no limits
 ENTER MINUIT PARAMETER DEFINITION:     
    15 'Z parametr'    3.0000      0.10000         no limits
 ENTER MINUIT PARAMETER DEFINITION:     
    16 'M_Z^prime '    1.0000      0.70000         no limits
 ENTER MINUIT PARAMETER DEFINITION:     
    17 'sin(theta)'    0.0000      0.10000E-02     no limits
 ENTER MINUIT PARAMETER DEFINITION:     
    18 'lambda_g  '    1.0000       1.0000         no limits
 ENTER MINUIT PARAMETER DEFINITION:     
    19 'e_1       '    0.0000      0.10000         no limits
 ENTER MINUIT PARAMETER DEFINITION:     
    20 'e_2       '    1.0000      0.10000         no limits
 ENTER MINUIT PARAMETER DEFINITION:     
    21 'u(d)_1    '    0.0000       1.0000         no limits
 ENTER MINUIT PARAMETER DEFINITION:     
    22 'u_2       '    0.0000       1.0000         no limits
 ENTER MINUIT PARAMETER DEFINITION:     
    23 'd_2       '    0.0000       1.0000         no limits
 ENTER MINUIT PARAMETER DEFINITION:     
    24 'tau_1     '    0.0000       1.0000         no limits
 ENTER MINUIT PARAMETER DEFINITION:     
    25 'tau_2     '    0.0000       1.0000         no limits
 ENTER MINUIT PARAMETER DEFINITION:     
    26 't(b)_1    '    0.0000       1.0000         no limits
 ENTER MINUIT PARAMETER DEFINITION:     
    27 'b_2       '    0.0000       1.0000         no limits
 ENTER MINUIT PARAMETER DEFINITION:     
    28 'ln(x)     '    6.0000      0.10000E-02     0.0000       10.000    
 ENTER MINUIT PARAMETER DEFINITION:     
    29 'tan(phi)^2'    1.1000      0.10000E-02    0.10000E-01   100.00    
 ENTER MINUIT PARAMETER DEFINITION:     
    30 'sin(2be)^2'   0.10000      0.10000E-02     0.0000       1.0000    
 ENTER MINUIT PARAMETER DEFINITION:     

 MINUIT: FIRST CALL TO USER FUNCTION, WITH IFLAG=1

 FCN=   58.04224     FROM PARAMETR  STATUS=RESET          2 CALLS        2 TOTAL
                     EDM= unknown      STRATEGY= 1      NO ERROR MATRIX       

  EXT PARAMETER               CURRENT GUESS      PHYSICAL LIMITS       
  NO.   NAME        VALUE          ERROR       NEGATIVE      POSITIVE  
   1  M_Z           91.188       0.60000E-02
   2  m_t MS-bar    164.52        4.0000    
   3  m_b           4.2006       0.10000    
   4  m_c           1.2717       0.10000    
   5  alpha_s      0.11900       0.60000E-02
   6  da3cut       0.56910E-02   0.30000E-03
   7  M_H           4.5000        1.0000    
   8  T parametr    0.0000        1.0000    
   9  S parametr    0.0000        1.0000    
  10  U parametr    0.0000        1.0000    
  11  B rho         0.0000       0.10000    
  12  B kappa       0.0000       0.10000    
  15  Z parametr    3.0000       0.10000    
  16  M_Z^prime     1.0000       0.70000    
  17  sin(theta)    0.0000       0.10000E-02
  18  lambda_g      1.0000        1.0000    
  19  e_1           0.0000       0.10000    
  20  e_2           1.0000       0.10000    
  21  u(d)_1        0.0000        1.0000    
  22  u_2           0.0000        1.0000    
  23  d_2           0.0000        1.0000    
  24  tau_1         0.0000        1.0000    
  25  tau_2         0.0000        1.0000    
  26  t(b)_1        0.0000        1.0000    
  27  b_2           0.0000        1.0000    
  28  ln(x)         6.0000       0.10000E-02    0.0000        10.000    
  29  tan(phi)^2    1.1000       0.10000E-02   0.10000E-01    100.00    
  30  sin(2be)^2   0.10000E+00   0.10000E-02    0.0000        1.0000    
 ENTER MINUIT COMMAND:                  
 **********
 **    1 **SET PRINTOUT    1.000    
 **********
 ENTER MINUIT COMMAND:                  
 **********
 **    2 **SET ERRORDEF    10.00    
 **********
 ENTER MINUIT COMMAND:                  
 **********
 **    3 **FIX    1.000       3.000       4.000       5.000    
 **********       6.000       8.000       9.000       10.00    
 **********       11.00       12.00    
 **********
 ENTER MINUIT COMMAND:                  
 **********
 **    4 **FIX    15.00       16.00       17.00       18.00    
 **********       19.00       20.00       21.00       22.00    
 **********       23.00       24.00       25.00       26.00    
 **********       27.00    
 **********
 ENTER MINUIT COMMAND:                  
 **********
 **    5 **MINIMIZE 
 **********
 START MIGRAD MINIMIZATION.  STRATEGY 1.  CONVERGENCE WHEN EDM .LT. 0.10E-02

 FCN=   58.04224     FROM MIGRAD    STATUS=INITIATE      20 CALLS       22 TOTAL
                     EDM= unknown      STRATEGY= 1      NO ERROR MATRIX       

  EXT PARAMETER               CURRENT GUESS       STEP         FIRST   
  NO.   NAME        VALUE          ERROR          SIZE      DERIVATIVE 
   1  M_Z           91.188         fixed    
   2  m_t MS-bar    164.52        4.0000        4.0000        3.1325    
   3  m_b           4.2006         fixed    
   4  m_c           1.2717         fixed    
   5  alpha_s      0.11900         fixed    
   6  da3cut       0.56910E-02     fixed    
   7  M_H           4.5000        1.0000        1.0000       -12.071    
   8  T parametr    0.0000         fixed    
   9  S parametr    0.0000         fixed    
  10  U parametr    0.0000         fixed    
  11  B rho         0.0000         fixed    
  12  B kappa       0.0000         fixed    
  15  Z parametr    3.0000         fixed    
  16  M_Z^prime     1.0000         fixed    
  17  sin(theta)    0.0000         fixed    
  18  lambda_g      1.0000         fixed    
  19  e_1           0.0000         fixed    
  20  e_2           1.0000         fixed    
  21  u(d)_1        0.0000         fixed    
  22  u_2           0.0000         fixed    
  23  d_2           0.0000         fixed    
  24  tau_1         0.0000         fixed    
  25  tau_2         0.0000         fixed    
  26  t(b)_1        0.0000         fixed    
  27  b_2           0.0000         fixed    
  28  ln(x)         6.0000       0.10000E-02   0.20412E-03   -101.58    
  29  tan(phi)^2    1.1000       0.10000E-02   0.96314E-04   -153.11    
  30  sin(2be)^2   0.10000E+00   0.10000E-02   0.33334E-02   -8.0287    
                               ERR DEF=  10.0    
