 ***************************************************************************
  MINUIT RELEASE 96.03  INITIALIZED.   DIMENSIONS 100/ 50  EPSMAC=  0.89E-15
 ***************************************************************************
                          MINUIT DATA BLOCK NO.   1
 ***************************************************************************
 ENTER MINUIT TITLE, or "SET INPUT n" : 
 ENTER MINUIT TITLE, or "SET INPUT n" : 
 lp-t                                              
 ******************************************************************************
 ENTER MINUIT PARAMETER DEFINITION:     
 ENTER MINUIT PARAMETER DEFINITION:     
     1 'M_Z       '    91.188      0.60000E-02     no limits
 ENTER MINUIT PARAMETER DEFINITION:     
     2 'm_t MS-bar'    164.52       4.0000         no limits
 ENTER MINUIT PARAMETER DEFINITION:     
     3 'm_b       '    4.2006      0.10000         no limits
 ENTER MINUIT PARAMETER DEFINITION:     
     4 'm_c       '    1.2717      0.10000         no limits
 ENTER MINUIT PARAMETER DEFINITION:     
     5 'alpha_s   '   0.11900      0.60000E-02     no limits
 ENTER MINUIT PARAMETER DEFINITION:     
     6 'da3cut    '   0.56910E-02  0.30000E-03     no limits
 ENTER MINUIT PARAMETER DEFINITION:     
     7 'M_H       '    4.5000       1.0000         no limits
 ENTER MINUIT PARAMETER DEFINITION:     
     8 'T parametr'    0.0000       1.0000         no limits
 ENTER MINUIT PARAMETER DEFINITION:     
     9 'S parametr'    0.0000       1.0000         no limits
 ENTER MINUIT PARAMETER DEFINITION:     
    10 'U parametr'    0.0000       1.0000         no limits
 ENTER MINUIT PARAMETER DEFINITION:     
    11 'B rho     '    0.0000      0.10000         no limits
 ENTER MINUIT PARAMETER DEFINITION:     
    12 'B kappa   '    0.0000      0.10000         no limits
 ENTER MINUIT PARAMETER DEFINITION:     
    15 'Z parametr'    3.0000      0.10000         no limits
 ENTER MINUIT PARAMETER DEFINITION:     
    16 'M_Z^prime '    1.0000      0.70000         no limits
 ENTER MINUIT PARAMETER DEFINITION:     
    17 'sin(theta)'    0.0000      0.10000E-02     no limits
 ENTER MINUIT PARAMETER DEFINITION:     
    18 'lambda_g  '    1.0000       1.0000         no limits
 ENTER MINUIT PARAMETER DEFINITION:     
    19 'e_1       '    0.0000      0.10000         no limits
 ENTER MINUIT PARAMETER DEFINITION:     
    20 'e_2       '    1.0000      0.10000         no limits
 ENTER MINUIT PARAMETER DEFINITION:     
    21 'u(d)_1    '    0.0000       1.0000         no limits
 ENTER MINUIT PARAMETER DEFINITION:     
    22 'u_2       '    0.0000       1.0000         no limits
 ENTER MINUIT PARAMETER DEFINITION:     
    23 'd_2       '    0.0000       1.0000         no limits
 ENTER MINUIT PARAMETER DEFINITION:     
    24 'tau_1     '    0.0000       1.0000         no limits
 ENTER MINUIT PARAMETER DEFINITION:     
    25 'tau_2     '    0.0000       1.0000         no limits
 ENTER MINUIT PARAMETER DEFINITION:     
    26 't(b)_1    '    0.0000       1.0000         no limits
 ENTER MINUIT PARAMETER DEFINITION:     
    27 'b_2       '    0.0000       1.0000         no limits
 ENTER MINUIT PARAMETER DEFINITION:     
    28 'ln(x)     '    6.0000      0.10000E-02     0.0000       10.000    
 ENTER MINUIT PARAMETER DEFINITION:     
    29 'tan(phi)^2'    1.1000      0.10000E-02    0.10000E-01   100.00    
 ENTER MINUIT PARAMETER DEFINITION:     
    30 'sin(2be)^2'   0.10000      0.10000E-02     0.0000       1.0000    
 ENTER MINUIT PARAMETER DEFINITION:     

 MINUIT: FIRST CALL TO USER FUNCTION, WITH IFLAG=1

 FCN=   45.86272     FROM PARAMETR  STATUS=RESET          2 CALLS        2 TOTAL
                     EDM= unknown      STRATEGY= 1      NO ERROR MATRIX       

  EXT PARAMETER               CURRENT GUESS      PHYSICAL LIMITS       
  NO.   NAME        VALUE          ERROR       NEGATIVE      POSITIVE  
   1  M_Z           91.188       0.60000E-02
   2  m_t MS-bar    164.52        4.0000    
   3  m_b           4.2006       0.10000    
   4  m_c           1.2717       0.10000    
   5  alpha_s      0.11900       0.60000E-02
   6  da3cut       0.56910E-02   0.30000E-03
   7  M_H           4.5000        1.0000    
   8  T parametr    0.0000        1.0000    
   9  S parametr    0.0000        1.0000    
  10  U parametr    0.0000        1.0000    
  11  B rho         0.0000       0.10000    
  12  B kappa       0.0000       0.10000    
  15  Z parametr    3.0000       0.10000    
  16  M_Z^prime     1.0000       0.70000    
  17  sin(theta)    0.0000       0.10000E-02
  18  lambda_g      1.0000        1.0000    
  19  e_1           0.0000       0.10000    
  20  e_2           1.0000       0.10000    
  21  u(d)_1        0.0000        1.0000    
  22  u_2           0.0000        1.0000    
  23  d_2           0.0000        1.0000    
  24  tau_1         0.0000        1.0000    
  25  tau_2         0.0000        1.0000    
  26  t(b)_1        0.0000        1.0000    
  27  b_2           0.0000        1.0000    
  28  ln(x)         6.0000       0.10000E-02    0.0000        10.000    
  29  tan(phi)^2    1.1000       0.10000E-02   0.10000E-01    100.00    
  30  sin(2be)^2   0.10000E+00   0.10000E-02    0.0000        1.0000    
 ENTER MINUIT COMMAND:                  
 **********
 **    1 **SET PRINTOUT    1.000    
 **********
 ENTER MINUIT COMMAND:                  
 **********
 **    2 **SET ERRORDEF    10.00    
 **********
 ENTER MINUIT COMMAND:                  
 **********
 **    3 **FIX    1.000       3.000       4.000       5.000    
 **********       6.000       8.000       9.000       10.00    
 **********       11.00       12.00    
 **********
 ENTER MINUIT COMMAND:                  
 **********
 **    4 **FIX    15.00       16.00       17.00       18.00    
 **********       19.00       20.00       21.00       22.00    
 **********       23.00       24.00       25.00       26.00    
 **********       27.00    
 **********
 ENTER MINUIT COMMAND:                  
 **********
 **    5 **MINIMIZE 
 **********
 START MIGRAD MINIMIZATION.  STRATEGY 1.  CONVERGENCE WHEN EDM .LT. 0.10E-02

 FCN=   45.86272     FROM MIGRAD    STATUS=INITIATE      20 CALLS       22 TOTAL
                     EDM= unknown      STRATEGY= 1      NO ERROR MATRIX       

  EXT PARAMETER               CURRENT GUESS       STEP         FIRST   
  NO.   NAME        VALUE          ERROR          SIZE      DERIVATIVE 
   1  M_Z           91.188         fixed    
   2  m_t MS-bar    164.52        4.0000        4.0000        2.3760    
   3  m_b           4.2006         fixed    
   4  m_c           1.2717         fixed    
   5  alpha_s      0.11900         fixed    
   6  da3cut       0.56910E-02     fixed    
   7  M_H           4.5000        1.0000        1.0000       0.23989    
   8  T parametr    0.0000         fixed    
   9  S parametr    0.0000         fixed    
  10  U parametr    0.0000         fixed    
  11  B rho         0.0000         fixed    
  12  B kappa       0.0000         fixed    
  15  Z parametr    3.0000         fixed    
  16  M_Z^prime     1.0000         fixed    
  17  sin(theta)    0.0000         fixed    
  18  lambda_g      1.0000         fixed    
  19  e_1           0.0000         fixed    
  20  e_2           1.0000         fixed    
  21  u(d)_1        0.0000         fixed    
  22  u_2           0.0000         fixed    
  23  d_2           0.0000         fixed    
  24  tau_1         0.0000         fixed    
  25  tau_2         0.0000         fixed    
  26  t(b)_1        0.0000         fixed    
  27  b_2           0.0000         fixed    
  28  ln(x)         6.0000       0.10000E-02   0.20412E-03   -7.4479    
  29  tan(phi)^2    1.1000       0.10000E-02   0.96314E-04  -0.61955E-01
  30  sin(2be)^2   0.10000E+00   0.10000E-02   0.33334E-02  -0.26564    
                               ERR DEF=  10.0    

 MIGRAD MINIMIZATION HAS CONVERGED.

 MIGRAD WILL VERIFY CONVERGENCE AND ERROR MATRIX.
 COVARIANCE MATRIX CALCULATED SUCCESSFULLY

 FCN=   43.09631     FROM MIGRAD    STATUS=CONVERGED    196 CALLS      198 TOTAL
                     EDM=  0.54E-03    STRATEGY= 1      ERROR MATRIX ACCURATE 

  EXT PARAMETER                                   STEP         FIRST   
  NO.   NAME        VALUE          ERROR          SIZE      DERIVATIVE 
   1  M_Z           91.188         fixed    
   2  m_t MS-bar    162.73        3.9977       0.40900E-02   0.37321E-02
   3  m_b           4.2006         fixed    
   4  m_c           1.2717         fixed    
   5  alpha_s      0.11900         fixed    
   6  da3cut       0.56910E-02     fixed    
   7  M_H           4.4900       0.97878       0.82707E-03  -0.73027E-03
   8  T parametr    0.0000         fixed    
   9  S parametr    0.0000         fixed    
  10  U parametr    0.0000         fixed    
  11  B rho         0.0000         fixed    
  12  B kappa       0.0000         fixed    
  15  Z parametr    3.0000         fixed    
  16  M_Z^prime     1.0000         fixed    
  17  sin(theta)    0.0000         fixed    
  18  lambda_g      1.0000         fixed    
  19  e_1           0.0000         fixed    
  20  e_2           1.0000         fixed    
  21  u(d)_1        0.0000         fixed    
  22  u_2           0.0000         fixed    
  23  d_2           0.0000         fixed    
  24  tau_1         0.0000         fixed    
  25  tau_2         0.0000         fixed    
  26  t(b)_1        0.0000         fixed    
  27  b_2           0.0000         fixed    
  28  ln(x)         7.3798        8.5647       0.19376E-02   0.16653E-01
  29  tan(phi)^2    6.1404        74.629       0.81001E-02  -0.13621E-01
  30  sin(2be)^2   0.10326E-03   0.50894       0.19589E-01  -0.11094E-02
                               ERR DEF=  10.0    

 EXTERNAL ERROR MATRIX.    NDIM=  50    NPAR=  5    ERR DEF=  10.0    
  0.160E+02 0.152E+01 0.414E+01 0.701E+02-0.109E-02
  0.152E+01 0.958E+00 0.584E+01 0.592E+02 0.474E-02
  0.414E+01 0.584E+01 0.110E+03 0.104E+04-0.150E-02
  0.701E+02 0.592E+02 0.104E+04 0.412E+05 0.107E+00
 -0.109E-02 0.474E-02-0.150E-02 0.107E+00 0.377E-01

 PARAMETER  CORRELATION COEFFICIENTS
       NO.  GLOBAL     2     7    28    29    30
        2  0.41618  1.000 0.387 0.099 0.086-0.001
        7  0.65996  0.387 1.000 0.569 0.298 0.025
       28  0.67227  0.099 0.569 1.000 0.490-0.001
       29  0.49185  0.086 0.298 0.490 1.000 0.003
       30  0.03452 -0.001 0.025-0.001 0.003 1.000
 ENTER MINUIT COMMAND:                  
 **********
 **    6 **MINIMIZE 
 **********
 START MIGRAD MINIMIZATION.  STRATEGY 1.  CONVERGENCE WHEN EDM .LT. 0.10E-02

 FCN=   43.09631     FROM MIGRAD    STATUS=INITIATE      10 CALLS      208 TOTAL
                     EDM=  0.27E-03    STRATEGY= 1      ERROR MATRIX ACCURATE 

  EXT PARAMETER                                   STEP         FIRST   
  NO.   NAME        VALUE          ERROR          SIZE      DERIVATIVE 
   1  M_Z           91.188         fixed    
   2  m_t MS-bar    162.73        3.9977       0.40900E-02   0.37321E-02
   3  m_b           4.2006         fixed    
   4  m_c           1.2717         fixed    
   5  alpha_s      0.11900         fixed    
   6  da3cut       0.56910E-02     fixed    
   7  M_H           4.4900       0.97878       0.82707E-03  -0.72815E-03
   8  T parametr    0.0000         fixed    
   9  S parametr    0.0000         fixed    
  10  U parametr    0.0000         fixed    
  11  B rho         0.0000         fixed    
  12  B kappa       0.0000         fixed    
  15  Z parametr    3.0000         fixed    
  16  M_Z^prime     1.0000         fixed    
  17  sin(theta)    0.0000         fixed    
  18  lambda_g      1.0000         fixed    
  19  e_1           0.0000         fixed    
  20  e_2           1.0000         fixed    
  21  u(d)_1        0.0000         fixed    
  22  u_2           0.0000         fixed    
  23  d_2           0.0000         fixed    
  24  tau_1         0.0000         fixed    
  25  tau_2         0.0000         fixed    
  26  t(b)_1        0.0000         fixed    
  27  b_2           0.0000         fixed    
  28  ln(x)         7.3798        8.5647       0.19376E-02   0.16592E-01
  29  tan(phi)^2    6.1404        74.629       0.81001E-02  -0.13670E-01
  30  sin(2be)^2   0.10326E-03   0.50894       0.19589E-01  -0.11122E-02
                               ERR DEF=  10.0    

 MIGRAD MINIMIZATION HAS CONVERGED.

 FCN=   43.09597     FROM MIGRAD    STATUS=CONVERGED     23 CALLS      221 TOTAL
                     EDM=  0.65E-05  STRATEGY=1  ERROR MATRIX UNCERTAINTY=  2.6%

  EXT PARAMETER                                   STEP         FIRST   
  NO.   NAME        VALUE          ERROR          SIZE      DERIVATIVE 
   1  M_Z           91.188         fixed    
   2  m_t MS-bar    162.73        3.9836      -0.22824E-02  -0.85965E-03
   3  m_b           4.2006         fixed    
   4  m_c           1.2717         fixed    
   5  alpha_s      0.11900         fixed    
   6  da3cut       0.56910E-02     fixed    
   7  M_H           4.4905       0.98636       0.48132E-03  -0.25838E-02
   8  T parametr    0.0000         fixed    
   9  S parametr    0.0000         fixed    
  10  U parametr    0.0000         fixed    
  11  B rho         0.0000         fixed    
  12  B kappa       0.0000         fixed    
  15  Z parametr    3.0000         fixed    
  16  M_Z^prime     1.0000         fixed    
  17  sin(theta)    0.0000         fixed    
  18  lambda_g      1.0000         fixed    
  19  e_1           0.0000         fixed    
  20  e_2           1.0000         fixed    
  21  u(d)_1        0.0000         fixed    
  22  u_2           0.0000         fixed    
  23  d_2           0.0000         fixed    
  24  tau_1         0.0000         fixed    
  25  tau_2         0.0000         fixed    
  26  t(b)_1        0.0000         fixed    
  27  b_2           0.0000         fixed    
  28  ln(x)         7.3910        8.5267       0.25510E-02  -0.34699E-02
  29  tan(phi)^2    7.4902        95.577       0.53665E-01  -0.61166E-03
  30  sin(2be)^2   0.12830E-04   0.50065       0.27487E-01   0.40539E-03
                               ERR DEF=  10.0    

 EXTERNAL ERROR MATRIX.    NDIM=  50    NPAR=  5    ERR DEF=  10.0    
  0.159E+02 0.149E+01 0.389E+01 0.937E+02 0.301E-02
  0.149E+01 0.973E+00 0.612E+01 0.906E+02 0.299E-02
  0.389E+01 0.612E+01 0.115E+03 0.155E+04 0.170E-01
  0.937E+02 0.906E+02 0.155E+04 0.722E+05 0.239E+00
  0.301E-02 0.299E-02 0.170E-01 0.239E+00 0.460E-02

 PARAMETER  CORRELATION COEFFICIENTS
       NO.  GLOBAL     2     7    28    29    30
        2  0.41218  1.000 0.380 0.091 0.088 0.011
        7  0.66652  0.380 1.000 0.579 0.342 0.045
       28  0.69425  0.091 0.579 1.000 0.539 0.023
       29  0.54109  0.088 0.342 0.539 1.000 0.013
       30  0.04538  0.011 0.045 0.023 0.013 1.000
 ENTER MINUIT COMMAND:                  
 **********
 **    7 **IMPROVE 
 **********

 START ATTEMPT NO. 1 TO FIND NEW MINIMUM
 START SIMPLEX MINIMIZATION.    CONVERGENCE WHEN EDM .LT.  0.10E+01

 FCN=   43.42626     FROM SIMPLEX   STATUS=PROGRESS      12 CALLS      350 TOTAL
                     EDM=  0.16E+02  STRATEGY=1  ERROR MATRIX UNCERTAINTY=  2.6%

  EXT PARAMETER                                   STEP         FIRST   
  NO.   NAME        VALUE          ERROR          SIZE      DERIVATIVE 
   1  M_Z           91.188         fixed    
   2  m_t MS-bar    162.30        3.9836        3.9836       -2.3783    
   3  m_b           4.2006         fixed    
   4  m_c           1.2717         fixed    
   5  alpha_s      0.11900         fixed    
   6  da3cut       0.56910E-02     fixed    
   7  M_H           4.3519       0.98636       0.98636        123.87    
   8  T parametr    0.0000         fixed    
   9  S parametr    0.0000         fixed    
  10  U parametr    0.0000         fixed    
  11  B rho         0.0000         fixed    
  12  B kappa       0.0000         fixed    
  15  Z parametr    3.0000         fixed    
  16  M_Z^prime     1.0000         fixed    
  17  sin(theta)    0.0000         fixed    
  18  lambda_g      1.0000         fixed    
  19  e_1           0.0000         fixed    
  20  e_2           1.0000         fixed    
  21  u(d)_1        0.0000         fixed    
  22  u_2           0.0000         fixed    
  23  d_2           0.0000         fixed    
  24  tau_1         0.0000         fixed    
  25  tau_2         0.0000         fixed    
  26  t(b)_1        0.0000         fixed    
  27  b_2           0.0000         fixed    
  28  ln(x)         8.3987        8.5267        6.8897       -11.618    
  29  tan(phi)^2    1.4837        95.577        6.2139       -25.989    
  30  sin(2be)^2   0.98725       0.50065        21.948      -0.59037E-01
                               ERR DEF=  10.0    

 FCN=   43.27750     FROM SIMPLEX   STATUS=PROGRESS      30 CALLS      368 TOTAL
                     EDM=  0.40E+00  STRATEGY=1  ERROR MATRIX UNCERTAINTY=  2.6%

  EXT PARAMETER                                   STEP         FIRST   
  NO.   NAME        VALUE          ERROR          SIZE      DERIVATIVE 
   1  M_Z           91.188         fixed    
   2  m_t MS-bar    162.94        3.9836       0.63737       -2.3783    
   3  m_b           4.2006         fixed    
   4  m_c           1.2717         fixed    
   5  alpha_s      0.11900         fixed    
   6  da3cut       0.56910E-02     fixed    
   7  M_H           4.6044       0.98636       0.25251        123.87    
   8  T parametr    0.0000         fixed    
   9  S parametr    0.0000         fixed    
  10  U parametr    0.0000         fixed    
  11  B rho         0.0000         fixed    
  12  B kappa       0.0000         fixed    
  15  Z parametr    3.0000         fixed    
  16  M_Z^prime     1.0000         fixed    
  17  sin(theta)    0.0000         fixed    
  18  lambda_g      1.0000         fixed    
  19  e_1           0.0000         fixed    
  20  e_2           1.0000         fixed    
  21  u(d)_1        0.0000         fixed    
  22  u_2           0.0000         fixed    
  23  d_2           0.0000         fixed    
  24  tau_1         0.0000         fixed    
  25  tau_2         0.0000         fixed    
  26  t(b)_1        0.0000         fixed    
  27  b_2           0.0000         fixed    
  28  ln(x)         9.3893        8.5267        1.3228       -11.618    
  29  tan(phi)^2   0.38739E-01    95.577        24.855       -25.989    
  30  sin(2be)^2   0.18008E-01   0.50065        21.948      -0.59037E-01
                               ERR DEF=  10.0    
 SIMPLEX MINIMIZATION HAS CONVERGED.

 FCN=   43.21190     FROM SIMPLEX   STATUS=PROGRESS      34 CALLS      372 TOTAL
                     EDM=  0.21E+00  STRATEGY=1  ERROR MATRIX UNCERTAINTY=  2.6%

  EXT PARAMETER                                   STEP         FIRST   
  NO.   NAME        VALUE          ERROR          SIZE      DERIVATIVE 
   1  M_Z           91.188         fixed    
   2  m_t MS-bar    162.76        3.9836       0.63737       -2.3783    
   3  m_b           4.2006         fixed    
   4  m_c           1.2717         fixed    
   5  alpha_s      0.11900         fixed    
   6  da3cut       0.56910E-02     fixed    
   7  M_H           4.5135       0.98636       0.25251        123.87    
   8  T parametr    0.0000         fixed    
   9  S parametr    0.0000         fixed    
  10  U parametr    0.0000         fixed    
  11  B rho         0.0000         fixed    
  12  B kappa       0.0000         fixed    
  15  Z parametr    3.0000         fixed    
  16  M_Z^prime     1.0000         fixed    
  17  sin(theta)    0.0000         fixed    
  18  lambda_g      1.0000         fixed    
  19  e_1           0.0000         fixed    
  20  e_2           1.0000         fixed    
  21  u(d)_1        0.0000         fixed    
  22  u_2           0.0000         fixed    
  23  d_2           0.0000         fixed    
  24  tau_1         0.0000         fixed    
  25  tau_2         0.0000         fixed    
  26  t(b)_1        0.0000         fixed    
  27  b_2           0.0000         fixed    
  28  ln(x)         9.7944        8.5267        1.5874       -11.618    
  29  tan(phi)^2    51.269        95.577        24.855       -25.989    
  30  sin(2be)^2   0.96724       0.50065        21.948      -0.59037E-01
                               ERR DEF=  10.0    
 IMPROVE HAS RETURNED TO REGION OF ORIGINAL MINIMUM

 FCN=   43.09597     FROM SIMPLEX   STATUS=RESET         34 CALLS      372 TOTAL
                     EDM=  0.65E-05  STRATEGY=1  ERROR MATRIX UNCERTAINTY= 50.0%

  EXT PARAMETER                APPROXIMATE     INTERNAL      INTERNAL  
  NO.   NAME        VALUE          ERROR       STEP SIZE       VALUE   
   1  M_Z           91.188         fixed    
   2  m_t MS-bar    162.73        3.9836       0.39836E-01    162.73    
   3  m_b           4.2006         fixed    
   4  m_c           1.2717         fixed    
   5  alpha_s      0.11900         fixed    
   6  da3cut       0.56910E-02     fixed    
   7  M_H           4.4905       0.98636       0.98636E-02    4.4905    
   8  T parametr    0.0000         fixed    
   9  S parametr    0.0000         fixed    
  10  U parametr    0.0000         fixed    
  11  B rho         0.0000         fixed    
  12  B kappa       0.0000         fixed    
  15  Z parametr    3.0000         fixed    
  16  M_Z^prime     1.0000         fixed    
  17  sin(theta)    0.0000         fixed    
  18  lambda_g      1.0000         fixed    
  19  e_1           0.0000         fixed    
  20  e_2           1.0000         fixed    
  21  u(d)_1        0.0000         fixed    
  22  u_2           0.0000         fixed    
  23  d_2           0.0000         fixed    
  24  tau_1         0.0000         fixed    
  25  tau_2         0.0000         fixed    
  26  t(b)_1        0.0000         fixed    
  27  b_2           0.0000         fixed    
  28  ln(x)         7.3910        8.5267       0.85267E-01   0.49860    
  29  tan(phi)^2    7.4902        95.577       0.95577       -1.0167    
  30  sin(2be)^2   0.12830E-04   0.50065       0.50065E-02   -1.5636    
                               ERR DEF=  10.0    
 ENTER MINUIT COMMAND:                  
 **********
 **    8 **IMPROVE 
 **********
 COVARIANCE MATRIX CALCULATED SUCCESSFULLY

 START ATTEMPT NO. 1 TO FIND NEW MINIMUM
 START SIMPLEX MINIMIZATION.    CONVERGENCE WHEN EDM .LT.  0.10E+01

 FCN=   43.09758     FROM SIMPLEX   STATUS=UNCHANGED     15 CALLS      647 TOTAL
                     EDM=  0.51E+00    STRATEGY= 1      ERROR MATRIX ACCURATE 

  EXT PARAMETER                                   STEP         FIRST   
  NO.   NAME        VALUE          ERROR          SIZE      DERIVATIVE 
   1  M_Z           91.188         fixed    
   2  m_t MS-bar    162.75        4.0028       0.64044       0.19327    
   3  m_b           4.2006         fixed    
   4  m_c           1.2717         fixed    
   5  alpha_s      0.11900         fixed    
   6  da3cut       0.56910E-02     fixed    
   7  M_H           4.4915        1.0084       0.16135       -45.297    
   8  T parametr    0.0000         fixed    
   9  S parametr    0.0000         fixed    
  10  U parametr    0.0000         fixed    
  11  B rho         0.0000         fixed    
  12  B kappa       0.0000         fixed    
  15  Z parametr    3.0000         fixed    
  16  M_Z^prime     1.0000         fixed    
  17  sin(theta)    0.0000         fixed    
  18  lambda_g      1.0000         fixed    
  19  e_1           0.0000         fixed    
  20  e_2           1.0000         fixed    
  21  u(d)_1        0.0000         fixed    
  22  u_2           0.0000         fixed    
  23  d_2           0.0000         fixed    
  24  tau_1         0.0000         fixed    
  25  tau_2         0.0000         fixed    
  26  t(b)_1        0.0000         fixed    
  27  b_2           0.0000         fixed    
  28  ln(x)         7.4180        8.4715       0.30971       -46.526    
  29  tan(phi)^2    7.3536        50.919       0.31234        22.652    
  30  sin(2be)^2   0.12483E-01   0.50004       0.72059      -0.27797E-01
                               ERR DEF=  10.0    
 SIMPLEX MINIMIZATION HAS CONVERGED.

 FCN=   43.09758     FROM SIMPLEX   STATUS=UNCHANGED     18 CALLS      650 TOTAL
                     EDM=  0.44E+00    STRATEGY= 1      ERROR MATRIX ACCURATE 

  EXT PARAMETER                                   STEP         FIRST   
  NO.   NAME        VALUE          ERROR          SIZE      DERIVATIVE 
   1  M_Z           91.188         fixed    
   2  m_t MS-bar    162.75        4.0028       0.64044       0.19327    
   3  m_b           4.2006         fixed    
   4  m_c           1.2717         fixed    
   5  alpha_s      0.11900         fixed    
   6  da3cut       0.56910E-02     fixed    
   7  M_H           4.4915        1.0084       0.18071       -45.297    
   8  T parametr    0.0000         fixed    
   9  S parametr    0.0000         fixed    
  10  U parametr    0.0000         fixed    
  11  B rho         0.0000         fixed    
  12  B kappa       0.0000         fixed    
  15  Z parametr    3.0000         fixed    
  16  M_Z^prime     1.0000         fixed    
  17  sin(theta)    0.0000         fixed    
  18  lambda_g      1.0000         fixed    
  19  e_1           0.0000         fixed    
  20  e_2           1.0000         fixed    
  21  u(d)_1        0.0000         fixed    
  22  u_2           0.0000         fixed    
  23  d_2           0.0000         fixed    
  24  tau_1         0.0000         fixed    
  25  tau_2         0.0000         fixed    
  26  t(b)_1        0.0000         fixed    
  27  b_2           0.0000         fixed    
  28  ln(x)         7.4180        8.4715       0.37166       -46.526    
  29  tan(phi)^2    7.3536        50.919       0.39981        22.652    
  30  sin(2be)^2   0.12483E-01   0.50004       0.89354      -0.27797E-01
                               ERR DEF=  10.0    
 IMPROVE HAS RETURNED TO REGION OF ORIGINAL MINIMUM

 FCN=   43.09597     FROM SIMPLEX   STATUS=RESET         18 CALLS      650 TOTAL
                     EDM=  0.17E-04  STRATEGY=1  ERROR MATRIX UNCERTAINTY= 50.0%

  EXT PARAMETER                APPROXIMATE     INTERNAL      INTERNAL  
  NO.   NAME        VALUE          ERROR       STEP SIZE       VALUE   
   1  M_Z           91.188         fixed    
   2  m_t MS-bar    162.73        4.0028       0.40028E-01    162.73    
   3  m_b           4.2006         fixed    
   4  m_c           1.2717         fixed    
   5  alpha_s      0.11900         fixed    
   6  da3cut       0.56910E-02     fixed    
   7  M_H           4.4905        1.0084       0.10084E-01    4.4905    
   8  T parametr    0.0000         fixed    
   9  S parametr    0.0000         fixed    
  10  U parametr    0.0000         fixed    
  11  B rho         0.0000         fixed    
  12  B kappa       0.0000         fixed    
  15  Z parametr    3.0000         fixed    
  16  M_Z^prime     1.0000         fixed    
  17  sin(theta)    0.0000         fixed    
  18  lambda_g      1.0000         fixed    
  19  e_1           0.0000         fixed    
  20  e_2           1.0000         fixed    
  21  u(d)_1        0.0000         fixed    
  22  u_2           0.0000         fixed    
  23  d_2           0.0000         fixed    
  24  tau_1         0.0000         fixed    
  25  tau_2         0.0000         fixed    
  26  t(b)_1        0.0000         fixed    
  27  b_2           0.0000         fixed    
  28  ln(x)         7.3910        8.4715       0.84715E-01   0.49860    
  29  tan(phi)^2    7.4902        50.919       0.50919       -1.0167    
  30  sin(2be)^2   0.12830E-04   0.50004       0.50004E-02   -1.5636    
                               ERR DEF=  10.0    
 ENTER MINUIT COMMAND:                  
 **********
 **    9 **IMPROVE 
 **********
 COVARIANCE MATRIX CALCULATED SUCCESSFULLY

 START ATTEMPT NO. 1 TO FIND NEW MINIMUM
 IMPROVE HAS RETURNED TO REGION OF ORIGINAL MINIMUM

 FCN=   43.09597     FROM HESSE     STATUS=RESET         70 CALLS      720 TOTAL
                     EDM=  0.17E-04  STRATEGY=1  ERROR MATRIX UNCERTAINTY= 50.0%

  EXT PARAMETER                APPROXIMATE     INTERNAL      INTERNAL  
  NO.   NAME        VALUE          ERROR       STEP SIZE       VALUE   
   1  M_Z           91.188         fixed    
   2  m_t MS-bar    162.73        4.0039       0.40039E-01    162.73    
   3  m_b           4.2006         fixed    
   4  m_c           1.2717         fixed    
   5  alpha_s      0.11900         fixed    
   6  da3cut       0.56910E-02     fixed    
   7  M_H           4.4905        1.0132       0.10132E-01    4.4905    
   8  T parametr    0.0000         fixed    
   9  S parametr    0.0000         fixed    
  10  U parametr    0.0000         fixed    
  11  B rho         0.0000         fixed    
  12  B kappa       0.0000         fixed    
  15  Z parametr    3.0000         fixed    
  16  M_Z^prime     1.0000         fixed    
  17  sin(theta)    0.0000         fixed    
  18  lambda_g      1.0000         fixed    
  19  e_1           0.0000         fixed    
  20  e_2           1.0000         fixed    
  21  u(d)_1        0.0000         fixed    
  22  u_2           0.0000         fixed    
  23  d_2           0.0000         fixed    
  24  tau_1         0.0000         fixed    
  25  tau_2         0.0000         fixed    
  26  t(b)_1        0.0000         fixed    
  27  b_2           0.0000         fixed    
  28  ln(x)         7.3910        8.4413       0.84413E-01   0.49860    
  29  tan(phi)^2    7.4902        52.221       0.52221       -1.0167    
  30  sin(2be)^2   0.12830E-04   0.50011       0.50011E-02   -1.5636    
                               ERR DEF=  10.0    
 ENTER MINUIT COMMAND:                  
 **********
 **   10 **SEEK 
 **********
 MNSEEK: MONTE CARLO MINIMIZATION USING METROPOLIS ALGORITHM
 TO STOP AFTER   200 SUCCESSIVE FAILURES, OR   2000 STEPS
 MAXIMUM STEP SIZE IS    3.000 ERROR BARS.

 FCN=   43.09597     FROM SEEk      STATUS=UNCHANGED    208 CALLS      928 TOTAL
                     EDM=  0.17E-04  STRATEGY=1  ERROR MATRIX UNCERTAINTY= 50.0%

  EXT PARAMETER                APPROXIMATE     INTERNAL      INTERNAL  
  NO.   NAME        VALUE          ERROR       STEP SIZE       VALUE   
   1  M_Z           91.188         fixed    
   2  m_t MS-bar    162.73        4.0039        24.024        162.73    
   3  m_b           4.2006         fixed    
   4  m_c           1.2717         fixed    
   5  alpha_s      0.11900         fixed    
   6  da3cut       0.56910E-02     fixed    
   7  M_H           4.4905        1.0132        6.0789        4.4905    
   8  T parametr    0.0000         fixed    
   9  S parametr    0.0000         fixed    
  10  U parametr    0.0000         fixed    
  11  B rho         0.0000         fixed    
  12  B kappa       0.0000         fixed    
  15  Z parametr    3.0000         fixed    
  16  M_Z^prime     1.0000         fixed    
  17  sin(theta)    0.0000         fixed    
  18  lambda_g      1.0000         fixed    
  19  e_1           0.0000         fixed    
  20  e_2           1.0000         fixed    
  21  u(d)_1        0.0000         fixed    
  22  u_2           0.0000         fixed    
  23  d_2           0.0000         fixed    
  24  tau_1         0.0000         fixed    
  25  tau_2         0.0000         fixed    
  26  t(b)_1        0.0000         fixed    
  27  b_2           0.0000         fixed    
  28  ln(x)         7.3910        8.4413        6.2832       0.49860    
  29  tan(phi)^2    7.4902        52.221        6.2832       -1.0167    
  30  sin(2be)^2   0.12830E-04   0.50011        6.2832       -1.5636    
                               ERR DEF=  10.0    
 ENTER MINUIT COMMAND:                  
 **********
 **   11 **MINOS 
 **********
 COVARIANCE MATRIX CALCULATED SUCCESSFULLY
 MIGRAD FAILS WITH STRATEGY=0.   WILL TRY WITH STRATEGY=1.
 MINUIT WARNING IN HESSE   
 ============== Negative diagonal element  3 in Error Matrix
 MINUIT WARNING IN HESSE   
 ==============     0.10E+05 added to diagonal of error matrix
 EIGENVALUES OF SECOND-DERIVATIVE MATRIX:
        -0.1498E+02  0.9998E+00  0.1049E+01  0.1693E+02
 MINUIT WARNING IN HESSE   
 ============== MATRIX FORCED POS-DEF BY ADDING   14.997     TO DIAGONAL.
                         NEGATIVE MINOS ERROR NOT CALCULATED FOR PARAMETER   7

     THE POSITIVE MINOS ERROR OF PARAMETER 28, ln(x)     , EXCEEDS ITS LIMIT.

 MIGRAD FAILS WITH STRATEGY=0.   WILL TRY WITH STRATEGY=1.
 MINUIT WARNING IN HESSE   
 ============== Negative diagonal element  2 in Error Matrix
 MINUIT WARNING IN HESSE   
 ============== Negative diagonal element  4 in Error Matrix
 MINUIT WARNING IN HESSE   
 ==============     0.10E+07 added to diagonal of error matrix
 EIGENVALUES OF SECOND-DERIVATIVE MATRIX:
        -0.3692E+02  0.9999E+00  0.1000E+01  0.3892E+02
 MINUIT WARNING IN HESSE   
 ============== MATRIX FORCED POS-DEF BY ADDING   36.954     TO DIAGONAL.
                         NEGATIVE MINOS ERROR NOT CALCULATED FOR PARAMETER  28

 MINUIT WARNING IN MIGRAD  
 ============== VARIABLE  28 IS AT ITS LOWER ALLOWED LIMIT
     THE POSITIVE MINOS ERROR OF PARAMETER 29, tan(phi)^2, EXCEEDS ITS LIMIT.

     THE NEGATIVE MINOS ERROR OF PARAMETER 29, tan(phi)^2, EXCEEDS ITS LIMIT.

 MINUIT WARNING IN MIGRAD  
 ============== VARIABLE  29 IS AT ITS LOWER ALLOWED LIMIT
     THE POSITIVE MINOS ERROR OF PARAMETER 30, sin(2be)^2, EXCEEDS ITS LIMIT.

     THE NEGATIVE MINOS ERROR OF PARAMETER 30, sin(2be)^2, EXCEEDS ITS LIMIT.

 MINUIT WARNING IN MIGRAD  
 ============== VARIABLE  30 IS AT ITS LOWER ALLOWED LIMIT

 MINUIT TASK: lp-t                                              

 FCN=   43.09597     FROM MINOS     STATUS=PROBLEMS    1098 CALLS     2057 TOTAL
                     EDM=  0.17E-04    STRATEGY= 1      ERROR MATRIX ACCURATE 

  EXT PARAMETER                  PARABOLIC         MINOS ERRORS        
  NO.   NAME        VALUE          ERROR      NEGATIVE      POSITIVE   
   1  M_Z           91.188         fixed    
   2  m_t MS-bar    162.73        4.0043       -4.0044        3.9974    
   3  m_b           4.2006         fixed    
   4  m_c           1.2717         fixed    
   5  alpha_s      0.11900         fixed    
   6  da3cut       0.56910E-02     fixed    
   7  M_H           4.4905        1.0142                     0.78075    
   8  T parametr    0.0000         fixed    
   9  S parametr    0.0000         fixed    
  10  U parametr    0.0000         fixed    
  11  B rho         0.0000         fixed    
  12  B kappa       0.0000         fixed    
  15  Z parametr    3.0000         fixed    
  16  M_Z^prime     1.0000         fixed    
  17  sin(theta)    0.0000         fixed    
  18  lambda_g      1.0000         fixed    
  19  e_1           0.0000         fixed    
  20  e_2           1.0000         fixed    
  21  u(d)_1        0.0000         fixed    
  22  u_2           0.0000         fixed    
  23  d_2           0.0000         fixed    
  24  tau_1         0.0000         fixed    
  25  tau_2         0.0000         fixed    
  26  t(b)_1        0.0000         fixed    
  27  b_2           0.0000         fixed    
  28  ln(x)         7.3910        8.4341                     at limit   
  29  tan(phi)^2    7.4902        52.482       at limit      at limit   
  30  sin(2be)^2   0.12830E-04   0.50011       at limit      at limit   
                               ERR DEF=  10.0    
 ENTER MINUIT COMMAND:                  
 **********
 **   12 **HESSE 
 **********
 COVARIANCE MATRIX CALCULATED SUCCESSFULLY

 FCN=   43.09597     FROM HESSE     STATUS=OK            45 CALLS     2102 TOTAL
                     EDM=  0.90E-05    STRATEGY= 1      ERROR MATRIX ACCURATE 

  EXT PARAMETER                                INTERNAL      INTERNAL  
  NO.   NAME        VALUE          ERROR       STEP SIZE       VALUE   
   1  M_Z           91.188         fixed    
   2  m_t MS-bar    162.73        3.9891       0.40899E-02    162.73    
   3  m_b           4.2006         fixed    
   4  m_c           1.2717         fixed    
   5  alpha_s      0.11900         fixed    
   6  da3cut       0.56910E-02     fixed    
   7  M_H           4.4905        1.0536       0.82717E-03    4.4905    
   8  T parametr    0.0000         fixed    
   9  S parametr    0.0000         fixed    
  10  U parametr    0.0000         fixed    
  11  B rho         0.0000         fixed    
  12  B kappa       0.0000         fixed    
  15  Z parametr    3.0000         fixed    
  16  M_Z^prime     1.0000         fixed    
  17  sin(theta)    0.0000         fixed    
  18  lambda_g      1.0000         fixed    
  19  e_1           0.0000         fixed    
  20  e_2           1.0000         fixed    
  21  u(d)_1        0.0000         fixed    
  22  u_2           0.0000         fixed    
  23  d_2           0.0000         fixed    
  24  tau_1         0.0000         fixed    
  25  tau_2         0.0000         fixed    
  26  t(b)_1        0.0000         fixed    
  27  b_2           0.0000         fixed    
  28  ln(x)         7.3910        8.6871       0.19522E-02   0.49860    
  29  tan(phi)^2    7.4902        53.295       0.29568       -1.0167    
  30  sin(2be)^2   0.12830E-04   0.52171       0.50000       -1.5636    
                               ERR DEF=  10.0    

 EXTERNAL ERROR MATRIX.    NDIM=  50    NPAR=  5    ERR DEF=  10.0    
  0.159E+02 0.133E+01 0.289E+01 0.264E+02 0.140E-01
  0.133E+01 0.111E+01 0.341E+01 0.273E+02-0.331E-01
  0.289E+01 0.341E+01 0.893E+02 0.445E+03 0.148E+00
  0.264E+02 0.273E+02 0.445E+03 0.306E+05 0.342E+00
  0.140E-01-0.331E-01 0.148E+00 0.342E+00 0.477E-02

 PARAMETER  CORRELATION COEFFICIENTS
       NO.  GLOBAL     2     7    28    29    30
        2  0.41186  1.000 0.316 0.077 0.038 0.051
        7  0.71631  0.316 1.000 0.342 0.148-0.455
       28  0.59127  0.077 0.342 1.000 0.269 0.227
       29  0.27575  0.038 0.148 0.269 1.000 0.028
       30  0.64894  0.051-0.455 0.227 0.028 1.000
 ENTER MINUIT COMMAND:                  
 **********
 **   13 **#MNCONTOURS    28.00       29.00       50.00    
 **********
           UNKNOWN COMMAND IGNORED:#MNCONTOURS 
 ENTER MINUIT COMMAND:                  
 **********
 **   14 **RETURN 
 **********

 CALL TO USER FUNCTION WITH IFLAG = 3

 ..........MINUIT TERMINATED AND RETURNS TO USER PROGRAM.            
