 ***************************************************************************
  MINUIT RELEASE 96.03  INITIALIZED.   DIMENSIONS 100/ 50  EPSMAC=  0.89E-15
 ***************************************************************************
                          MINUIT DATA BLOCK NO.   1
 ***************************************************************************
 ENTER MINUIT TITLE, or "SET INPUT n" : 
 ENTER MINUIT TITLE, or "SET INPUT n" : 
 lr-t                                              
 ******************************************************************************
 ENTER MINUIT PARAMETER DEFINITION:     
 ENTER MINUIT PARAMETER DEFINITION:     
     1 'M_Z       '    91.188      0.60000E-02     no limits
 ENTER MINUIT PARAMETER DEFINITION:     
     2 'm_t MS-bar'    164.52       4.0000         no limits
 ENTER MINUIT PARAMETER DEFINITION:     
     3 'm_b       '    4.2006      0.10000         no limits
 ENTER MINUIT PARAMETER DEFINITION:     
     4 'm_c       '    1.2717      0.10000         no limits
 ENTER MINUIT PARAMETER DEFINITION:     
     5 'alpha_s   '   0.11900      0.60000E-02     no limits
 ENTER MINUIT PARAMETER DEFINITION:     
     6 'da3cut    '   0.56910E-02  0.30000E-03     no limits
 ENTER MINUIT PARAMETER DEFINITION:     
     7 'M_H       '    4.5000       1.0000         no limits
 ENTER MINUIT PARAMETER DEFINITION:     
     8 'T parametr'    0.0000       1.0000         no limits
 ENTER MINUIT PARAMETER DEFINITION:     
     9 'S parametr'    0.0000       1.0000         no limits
 ENTER MINUIT PARAMETER DEFINITION:     
    10 'U parametr'    0.0000       1.0000         no limits
 ENTER MINUIT PARAMETER DEFINITION:     
    11 'B rho     '    0.0000      0.10000         no limits
 ENTER MINUIT PARAMETER DEFINITION:     
    12 'B kappa   '    0.0000      0.10000         no limits
 ENTER MINUIT PARAMETER DEFINITION:     
    15 'Z parametr'    3.0000      0.10000         no limits
 ENTER MINUIT PARAMETER DEFINITION:     
    16 'M_Z^prime '    1.0000      0.70000         no limits
 ENTER MINUIT PARAMETER DEFINITION:     
    17 'sin(theta)'    0.0000      0.10000E-02     no limits
 ENTER MINUIT PARAMETER DEFINITION:     
    18 'lambda_g  '    1.0000       1.0000         no limits
 ENTER MINUIT PARAMETER DEFINITION:     
    19 'e_1       '    0.0000      0.10000         no limits
 ENTER MINUIT PARAMETER DEFINITION:     
    20 'e_2       '    1.0000      0.10000         no limits
 ENTER MINUIT PARAMETER DEFINITION:     
    21 'u(d)_1    '    0.0000       1.0000         no limits
 ENTER MINUIT PARAMETER DEFINITION:     
    22 'u_2       '    0.0000       1.0000         no limits
 ENTER MINUIT PARAMETER DEFINITION:     
    23 'd_2       '    0.0000       1.0000         no limits
 ENTER MINUIT PARAMETER DEFINITION:     
    24 'tau_1     '    0.0000       1.0000         no limits
 ENTER MINUIT PARAMETER DEFINITION:     
    25 'tau_2     '    0.0000       1.0000         no limits
 ENTER MINUIT PARAMETER DEFINITION:     
    26 't(b)_1    '    0.0000       1.0000         no limits
 ENTER MINUIT PARAMETER DEFINITION:     
    27 'b_2       '    0.0000       1.0000         no limits
 ENTER MINUIT PARAMETER DEFINITION:     
    28 'ln(x)     '    6.0000      0.10000E-02     0.0000       10.000    
 ENTER MINUIT PARAMETER DEFINITION:     
    29 'tan(phi)^2'    1.1000      0.10000E-02    0.10000E-01   100.00    
 ENTER MINUIT PARAMETER DEFINITION:     
    30 'sin(2be)^2'   0.10000      0.10000E-02     0.0000       1.0000    
 ENTER MINUIT PARAMETER DEFINITION:     

 MINUIT: FIRST CALL TO USER FUNCTION, WITH IFLAG=1

 FCN=   47.03982     FROM PARAMETR  STATUS=RESET          2 CALLS        2 TOTAL
                     EDM= unknown      STRATEGY= 1      NO ERROR MATRIX       

  EXT PARAMETER               CURRENT GUESS      PHYSICAL LIMITS       
  NO.   NAME        VALUE          ERROR       NEGATIVE      POSITIVE  
   1  M_Z           91.188       0.60000E-02
   2  m_t MS-bar    164.52        4.0000    
   3  m_b           4.2006       0.10000    
   4  m_c           1.2717       0.10000    
   5  alpha_s      0.11900       0.60000E-02
   6  da3cut       0.56910E-02   0.30000E-03
   7  M_H           4.5000        1.0000    
   8  T parametr    0.0000        1.0000    
   9  S parametr    0.0000        1.0000    
  10  U parametr    0.0000        1.0000    
  11  B rho         0.0000       0.10000    
  12  B kappa       0.0000       0.10000    
  15  Z parametr    3.0000       0.10000    
  16  M_Z^prime     1.0000       0.70000    
  17  sin(theta)    0.0000       0.10000E-02
  18  lambda_g      1.0000        1.0000    
  19  e_1           0.0000       0.10000    
  20  e_2           1.0000       0.10000    
  21  u(d)_1        0.0000        1.0000    
  22  u_2           0.0000        1.0000    
  23  d_2           0.0000        1.0000    
  24  tau_1         0.0000        1.0000    
  25  tau_2         0.0000        1.0000    
  26  t(b)_1        0.0000        1.0000    
  27  b_2           0.0000        1.0000    
  28  ln(x)         6.0000       0.10000E-02    0.0000        10.000    
  29  tan(phi)^2    1.1000       0.10000E-02   0.10000E-01    100.00    
  30  sin(2be)^2   0.10000E+00   0.10000E-02    0.0000        1.0000    
 ENTER MINUIT COMMAND:                  
 **********
 **    1 **SET PRINTOUT    1.000    
 **********
 ENTER MINUIT COMMAND:                  
 **********
 **    2 **SET ERRORDEF    10.00    
 **********
 ENTER MINUIT COMMAND:                  
 **********
 **    3 **FIX    1.000       3.000       4.000       5.000    
 **********       6.000       8.000       9.000       10.00    
 **********       11.00       12.00    
 **********
 ENTER MINUIT COMMAND:                  
 **********
 **    4 **FIX    15.00       16.00       17.00       18.00    
 **********       19.00       20.00       21.00       22.00    
 **********       23.00       24.00       25.00       26.00    
 **********       27.00    
 **********
 ENTER MINUIT COMMAND:                  
 **********
 **    5 **MINIMIZE 
 **********
 START MIGRAD MINIMIZATION.  STRATEGY 1.  CONVERGENCE WHEN EDM .LT. 0.10E-02

 FCN=   47.03982     FROM MIGRAD    STATUS=INITIATE      20 CALLS       22 TOTAL
                     EDM= unknown      STRATEGY= 1      NO ERROR MATRIX       

  EXT PARAMETER               CURRENT GUESS       STEP         FIRST   
  NO.   NAME        VALUE          ERROR          SIZE      DERIVATIVE 
   1  M_Z           91.188         fixed    
   2  m_t MS-bar    164.52        4.0000        4.0000        2.6967    
   3  m_b           4.2006         fixed    
   4  m_c           1.2717         fixed    
   5  alpha_s      0.11900         fixed    
   6  da3cut       0.56910E-02     fixed    
   7  M_H           4.5000        1.0000        1.0000       -6.1132    
   8  T parametr    0.0000         fixed    
   9  S parametr    0.0000         fixed    
  10  U parametr    0.0000         fixed    
  11  B rho         0.0000         fixed    
  12  B kappa       0.0000         fixed    
  15  Z parametr    3.0000         fixed    
  16  M_Z^prime     1.0000         fixed    
  17  sin(theta)    0.0000         fixed    
  18  lambda_g      1.0000         fixed    
  19  e_1           0.0000         fixed    
  20  e_2           1.0000         fixed    
  21  u(d)_1        0.0000         fixed    
  22  u_2           0.0000         fixed    
  23  d_2           0.0000         fixed    
  24  tau_1         0.0000         fixed    
  25  tau_2         0.0000         fixed    
  26  t(b)_1        0.0000         fixed    
  27  b_2           0.0000         fixed    
  28  ln(x)         6.0000       0.10000E-02   0.20412E-03   -7.4140    
  29  tan(phi)^2    1.1000       0.10000E-02   0.96314E-04   -15.783    
  30  sin(2be)^2   0.10000E+00   0.10000E-02   0.33334E-02   -1.7758    
                               ERR DEF=  10.0    

 MIGRAD MINIMIZATION HAS CONVERGED.

 MIGRAD WILL VERIFY CONVERGENCE AND ERROR MATRIX.
 COVARIANCE MATRIX CALCULATED SUCCESSFULLY

 FCN=   43.22723     FROM HESSE     STATUS=OK            31 CALLS      208 TOTAL
                     EDM=  0.19E-02    STRATEGY= 1      ERROR MATRIX ACCURATE 

  EXT PARAMETER                                   STEP         FIRST   
  NO.   NAME        VALUE          ERROR          SIZE      DERIVATIVE 
   1  M_Z           91.188         fixed    
   2  m_t MS-bar    162.76        3.9751       0.40953E-02  -0.14498E-02
   3  m_b           4.2006         fixed    
   4  m_c           1.2717         fixed    
   5  alpha_s      0.11900         fixed    
   6  da3cut       0.56910E-02     fixed    
   7  M_H           4.5405       0.83051       0.81928E-03   0.10326E-01
   8  T parametr    0.0000         fixed    
   9  S parametr    0.0000         fixed    
  10  U parametr    0.0000         fixed    
  11  B rho         0.0000         fixed    
  12  B kappa       0.0000         fixed    
  15  Z parametr    3.0000         fixed    
  16  M_Z^prime     1.0000         fixed    
  17  sin(theta)    0.0000         fixed    
  18  lambda_g      1.0000         fixed    
  19  e_1           0.0000         fixed    
  20  e_2           1.0000         fixed    
  21  u(d)_1        0.0000         fixed    
  22  u_2           0.0000         fixed    
  23  d_2           0.0000         fixed    
  24  tau_1         0.0000         fixed    
  25  tau_2         0.0000         fixed    
  26  t(b)_1        0.0000         fixed    
  27  b_2           0.0000         fixed    
  28  ln(x)         9.9543        8.5139       0.30215E-01   0.36279E-02
  29  tan(phi)^2    8.8071        50.125       0.21568E-01  -0.12025E-01
  30  sin(2be)^2   0.42826E-01   0.97562       0.67640E-01   0.25234E-02
                               ERR DEF=  10.0    

 MIGRAD MINIMIZATION HAS CONVERGED.

 MIGRAD WILL VERIFY CONVERGENCE AND ERROR MATRIX.
 COVARIANCE MATRIX CALCULATED SUCCESSFULLY

 FCN=   43.22312     FROM MIGRAD    STATUS=CONVERGED    298 CALLS      300 TOTAL
                     EDM=  0.28E-03    STRATEGY= 1      ERROR MATRIX ACCURATE 

  EXT PARAMETER                                   STEP         FIRST   
  NO.   NAME        VALUE          ERROR          SIZE      DERIVATIVE 
   1  M_Z           91.188         fixed    
   2  m_t MS-bar    162.76        3.9748       0.40953E-02   0.42813E-02
   3  m_b           4.2006         fixed    
   4  m_c           1.2717         fixed    
   5  alpha_s      0.11900         fixed    
   6  da3cut       0.56910E-02     fixed    
   7  M_H           4.5404       0.79508       0.81842E-03  -0.41080E-01
   8  T parametr    0.0000         fixed    
   9  S parametr    0.0000         fixed    
  10  U parametr    0.0000         fixed    
  11  B rho         0.0000         fixed    
  12  B kappa       0.0000         fixed    
  15  Z parametr    3.0000         fixed    
  16  M_Z^prime     1.0000         fixed    
  17  sin(theta)    0.0000         fixed    
  18  lambda_g      1.0000         fixed    
  19  e_1           0.0000         fixed    
  20  e_2           1.0000         fixed    
  21  u(d)_1        0.0000         fixed    
  22  u_2           0.0000         fixed    
  23  d_2           0.0000         fixed    
  24  tau_1         0.0000         fixed    
  25  tau_2         0.0000         fixed    
  26  t(b)_1        0.0000         fixed    
  27  b_2           0.0000         fixed    
  28  ln(x)         9.9889        5.0013       0.58867E-01  -0.40875E-03
  29  tan(phi)^2    69.246        76.422       0.20026      -0.36290E-03
  30  sin(2be)^2   0.89784E-06   0.98274       0.62119E-01  -0.10509E-04
                               ERR DEF=  10.0    

 EXTERNAL ERROR MATRIX.    NDIM=  50    NPAR=  5    ERR DEF=  10.0    
  0.158E+02 0.128E+01 0.686E-02 0.181E+02 0.216E-03
  0.128E+01 0.632E+00 0.824E-02 0.550E+02-0.893E-03
  0.686E-02 0.824E-02 0.352E+03-0.433E+04 0.540E-02
  0.181E+02 0.550E+02-0.433E+04 0.668E+08-0.859E-01
  0.216E-03-0.893E-03 0.540E-02-0.859E-01 0.324E-02

 PARAMETER  CORRELATION COEFFICIENTS
       NO.  GLOBAL     2     7    28    29    30
        2  0.40429  1.000 0.404 0.000 0.001 0.001
        7  0.40477  0.404 1.000 0.001 0.008-0.020
       28  0.02873  0.000 0.001 1.000-0.028 0.005
       29  0.02968  0.001 0.008-0.028 1.000 0.000
       30  0.02260  0.001-0.020 0.005 0.000 1.000
 ENTER MINUIT COMMAND:                  
 **********
 **    6 **MINIMIZE 
 **********
 START MIGRAD MINIMIZATION.  STRATEGY 1.  CONVERGENCE WHEN EDM .LT. 0.10E-02

 FCN=   43.22312     FROM MIGRAD    STATUS=INITIATE      10 CALLS      310 TOTAL
                     EDM=  0.14E-03    STRATEGY= 1      ERROR MATRIX ACCURATE 

  EXT PARAMETER                                   STEP         FIRST   
  NO.   NAME        VALUE          ERROR          SIZE      DERIVATIVE 
   1  M_Z           91.188         fixed    
   2  m_t MS-bar    162.76        3.9748       0.40953E-02   0.42813E-02
   3  m_b           4.2006         fixed    
   4  m_c           1.2717         fixed    
   5  alpha_s      0.11900         fixed    
   6  da3cut       0.56910E-02     fixed    
   7  M_H           4.5404       0.79508       0.81842E-03  -0.41078E-01
   8  T parametr    0.0000         fixed    
   9  S parametr    0.0000         fixed    
  10  U parametr    0.0000         fixed    
  11  B rho         0.0000         fixed    
  12  B kappa       0.0000         fixed    
  15  Z parametr    3.0000         fixed    
  16  M_Z^prime     1.0000         fixed    
  17  sin(theta)    0.0000         fixed    
  18  lambda_g      1.0000         fixed    
  19  e_1           0.0000         fixed    
  20  e_2           1.0000         fixed    
  21  u(d)_1        0.0000         fixed    
  22  u_2           0.0000         fixed    
  23  d_2           0.0000         fixed    
  24  tau_1         0.0000         fixed    
  25  tau_2         0.0000         fixed    
  26  t(b)_1        0.0000         fixed    
  27  b_2           0.0000         fixed    
  28  ln(x)         9.9889        5.0013       0.58867E-01  -0.41251E-03
  29  tan(phi)^2    69.246        76.422       0.20026      -0.37050E-03
  30  sin(2be)^2   0.89784E-06   0.98274       0.62119E-01  -0.10516E-04
                               ERR DEF=  10.0    

 MIGRAD MINIMIZATION HAS CONVERGED.

 FCN=   43.22293     FROM MIGRAD    STATUS=CONVERGED     26 CALLS      326 TOTAL
                     EDM=  0.11E-04  STRATEGY=1  ERROR MATRIX UNCERTAINTY=  9.1%

  EXT PARAMETER                                   STEP         FIRST   
  NO.   NAME        VALUE          ERROR          SIZE      DERIVATIVE 
   1  M_Z           91.188         fixed    
   2  m_t MS-bar    162.76        3.9725      -0.11385E-02  -0.22481E-02
   3  m_b           4.2006         fixed    
   4  m_c           1.2717         fixed    
   5  alpha_s      0.11900         fixed    
   6  da3cut       0.56910E-02     fixed    
   7  M_H           4.5420       0.77278       0.15881E-02   0.21764E-01
   8  T parametr    0.0000         fixed    
   9  S parametr    0.0000         fixed    
  10  U parametr    0.0000         fixed    
  11  B rho         0.0000         fixed    
  12  B kappa       0.0000         fixed    
  15  Z parametr    3.0000         fixed    
  16  M_Z^prime     1.0000         fixed    
  17  sin(theta)    0.0000         fixed    
  18  lambda_g      1.0000         fixed    
  19  e_1           0.0000         fixed    
  20  e_2           1.0000         fixed    
  21  u(d)_1        0.0000         fixed    
  22  u_2           0.0000         fixed    
  23  d_2           0.0000         fixed    
  24  tau_1         0.0000         fixed    
  25  tau_2         0.0000         fixed    
  26  t(b)_1        0.0000         fixed    
  27  b_2           0.0000         fixed    
  28  ln(x)         9.9984        5.3293       0.91689E-01   0.13458E-03
  29  tan(phi)^2    97.765        82.793       0.87562      -0.61091E-04
  30  sin(2be)^2   0.59867E-06   0.98271       0.34761E-03  -0.93921E-05
                               ERR DEF=  10.0    

 EXTERNAL ERROR MATRIX.    NDIM=  50    NPAR=  5    ERR DEF=  10.0    
  0.158E+02 0.130E+01 0.124E+00-0.101E+03 0.676E-04
  0.130E+01 0.597E+00-0.167E+00 0.165E+03-0.578E-03
  0.124E+00-0.167E+00 0.495E+02 0.123E+04 0.278E-02
 -0.101E+03 0.165E+03 0.123E+04 0.116E+08 0.128E+01
  0.676E-04-0.578E-03 0.278E-02 0.128E+01 0.216E-02

 PARAMETER  CORRELATION COEFFICIENTS
       NO.  GLOBAL     2     7    28    29    30
        2  0.42610  1.000 0.424 0.004-0.007 0.000
        7  0.43116  0.424 1.000-0.031 0.063-0.016
       28  0.06550  0.004-0.031 1.000 0.051 0.008
       29  0.09152 -0.007 0.063 0.051 1.000 0.008
       30  0.02157  0.000-0.016 0.008 0.008 1.000
 ENTER MINUIT COMMAND:                  
 **********
 **    7 **IMPROVE 
 **********

 START ATTEMPT NO. 1 TO FIND NEW MINIMUM
 IMPROVE HAS RETURNED TO REGION OF ORIGINAL MINIMUM

 FCN=   43.22293     FROM IMProve   STATUS=RESET         42 CALLS      368 TOTAL
                     EDM=  0.11E-04  STRATEGY=1  ERROR MATRIX UNCERTAINTY= 50.0%

  EXT PARAMETER                APPROXIMATE     INTERNAL      INTERNAL  
  NO.   NAME        VALUE          ERROR       STEP SIZE       VALUE   
   1  M_Z           91.188         fixed    
   2  m_t MS-bar    162.76        3.9725       0.39725E-01    162.76    
   3  m_b           4.2006         fixed    
   4  m_c           1.2717         fixed    
   5  alpha_s      0.11900         fixed    
   6  da3cut       0.56910E-02     fixed    
   7  M_H           4.5420       0.77278       0.77278E-02    4.5420    
   8  T parametr    0.0000         fixed    
   9  S parametr    0.0000         fixed    
  10  U parametr    0.0000         fixed    
  11  B rho         0.0000         fixed    
  12  B kappa       0.0000         fixed    
  15  Z parametr    3.0000         fixed    
  16  M_Z^prime     1.0000         fixed    
  17  sin(theta)    0.0000         fixed    
  18  lambda_g      1.0000         fixed    
  19  e_1           0.0000         fixed    
  20  e_2           1.0000         fixed    
  21  u(d)_1        0.0000         fixed    
  22  u_2           0.0000         fixed    
  23  d_2           0.0000         fixed    
  24  tau_1         0.0000         fixed    
  25  tau_2         0.0000         fixed    
  26  t(b)_1        0.0000         fixed    
  27  b_2           0.0000         fixed    
  28  ln(x)         9.9984        5.3293       0.53293E-01    1.5959    
  29  tan(phi)^2    97.765        82.793       0.82793        1.2707    
  30  sin(2be)^2   0.59867E-06   0.98271       0.98271E-02   -1.5723    
                               ERR DEF=  10.0    
 ENTER MINUIT COMMAND:                  
 **********
 **    8 **IMPROVE 
 **********
 COVARIANCE MATRIX CALCULATED SUCCESSFULLY

 START ATTEMPT NO. 1 TO FIND NEW MINIMUM
 IMPROVE HAS RETURNED TO REGION OF ORIGINAL MINIMUM

 FCN=   43.22293     FROM HESSE     STATUS=RESET         49 CALLS      417 TOTAL
                     EDM=  0.32E-04  STRATEGY=1  ERROR MATRIX UNCERTAINTY= 50.0%

  EXT PARAMETER                APPROXIMATE     INTERNAL      INTERNAL  
  NO.   NAME        VALUE          ERROR       STEP SIZE       VALUE   
   1  M_Z           91.188         fixed    
   2  m_t MS-bar    162.76        3.9748       0.39748E-01    162.76    
   3  m_b           4.2006         fixed    
   4  m_c           1.2717         fixed    
   5  alpha_s      0.11900         fixed    
   6  da3cut       0.56910E-02     fixed    
   7  M_H           4.5420       0.79475       0.79475E-02    4.5420    
   8  T parametr    0.0000         fixed    
   9  S parametr    0.0000         fixed    
  10  U parametr    0.0000         fixed    
  11  B rho         0.0000         fixed    
  12  B kappa       0.0000         fixed    
  15  Z parametr    3.0000         fixed    
  16  M_Z^prime     1.0000         fixed    
  17  sin(theta)    0.0000         fixed    
  18  lambda_g      1.0000         fixed    
  19  e_1           0.0000         fixed    
  20  e_2           1.0000         fixed    
  21  u(d)_1        0.0000         fixed    
  22  u_2           0.0000         fixed    
  23  d_2           0.0000         fixed    
  24  tau_1         0.0000         fixed    
  25  tau_2         0.0000         fixed    
  26  t(b)_1        0.0000         fixed    
  27  b_2           0.0000         fixed    
  28  ln(x)         9.9984        7.8325       0.78325E-01    1.5959    
  29  tan(phi)^2    97.765        51.013       0.51013        1.2707    
  30  sin(2be)^2   0.59867E-06   0.59133       0.59133E-02   -1.5723    
                               ERR DEF=  10.0    
 ENTER MINUIT COMMAND:                  
 **********
 **    9 **IMPROVE 
 **********
 COVARIANCE MATRIX CALCULATED SUCCESSFULLY

 START ATTEMPT NO. 1 TO FIND NEW MINIMUM
 START SIMPLEX MINIMIZATION.    CONVERGENCE WHEN EDM .LT.  0.10E+01

 FCN=   43.24446     FROM SIMPLEX   STATUS=UNCHANGED     15 CALLS      583 TOTAL
                     EDM=  0.11E+01    STRATEGY= 1      ERROR MATRIX ACCURATE 

  EXT PARAMETER                                   STEP         FIRST   
  NO.   NAME        VALUE          ERROR          SIZE      DERIVATIVE 
   1  M_Z           91.188         fixed    
   2  m_t MS-bar    162.77        3.9747       0.63595      -0.28019E-01
   3  m_b           4.2006         fixed    
   4  m_c           1.2717         fixed    
   5  alpha_s      0.11900         fixed    
   6  da3cut       0.56910E-02     fixed    
   7  M_H           4.5273       0.79457       0.12713       0.24836    
   8  T parametr    0.0000         fixed    
   9  S parametr    0.0000         fixed    
  10  U parametr    0.0000         fixed    
  11  B rho         0.0000         fixed    
  12  B kappa       0.0000         fixed    
  15  Z parametr    3.0000         fixed    
  16  M_Z^prime     1.0000         fixed    
  17  sin(theta)    0.0000         fixed    
  18  lambda_g      1.0000         fixed    
  19  e_1           0.0000         fixed    
  20  e_2           1.0000         fixed    
  21  u(d)_1        0.0000         fixed    
  22  u_2           0.0000         fixed    
  23  d_2           0.0000         fixed    
  24  tau_1         0.0000         fixed    
  25  tau_2         0.0000         fixed    
  26  t(b)_1        0.0000         fixed    
  27  b_2           0.0000         fixed    
  28  ln(x)         9.1368        7.4927       0.42687      -0.36431E-01
  29  tan(phi)^2    98.915        98.833        1.5267       0.37083E-01
  30  sin(2be)^2   0.59953       0.58937       0.19245      -0.53976E-02
                               ERR DEF=  10.0    
 SIMPLEX MINIMIZATION HAS CONVERGED.

 FCN=   43.24446     FROM SIMPLEX   STATUS=UNCHANGED     18 CALLS      586 TOTAL
                     EDM=  0.97E+00    STRATEGY= 1      ERROR MATRIX ACCURATE 

  EXT PARAMETER                                   STEP         FIRST   
  NO.   NAME        VALUE          ERROR          SIZE      DERIVATIVE 
   1  M_Z           91.188         fixed    
   2  m_t MS-bar    162.77        3.9747       0.63595      -0.28019E-01
   3  m_b           4.2006         fixed    
   4  m_c           1.2717         fixed    
   5  alpha_s      0.11900         fixed    
   6  da3cut       0.56910E-02     fixed    
   7  M_H           4.5273       0.79457       0.14239       0.24836    
   8  T parametr    0.0000         fixed    
   9  S parametr    0.0000         fixed    
  10  U parametr    0.0000         fixed    
  11  B rho         0.0000         fixed    
  12  B kappa       0.0000         fixed    
  15  Z parametr    3.0000         fixed    
  16  M_Z^prime     1.0000         fixed    
  17  sin(theta)    0.0000         fixed    
  18  lambda_g      1.0000         fixed    
  19  e_1           0.0000         fixed    
  20  e_2           1.0000         fixed    
  21  u(d)_1        0.0000         fixed    
  22  u_2           0.0000         fixed    
  23  d_2           0.0000         fixed    
  24  tau_1         0.0000         fixed    
  25  tau_2         0.0000         fixed    
  26  t(b)_1        0.0000         fixed    
  27  b_2           0.0000         fixed    
  28  ln(x)         9.1368        7.4927       0.71715      -0.36431E-01
  29  tan(phi)^2    98.915        98.833        1.8932       0.37083E-01
  30  sin(2be)^2   0.59953       0.58937       0.19245      -0.53976E-02
                               ERR DEF=  10.0    
 IMPROVE HAS RETURNED TO REGION OF ORIGINAL MINIMUM

 FCN=   43.22293     FROM SIMPLEX   STATUS=RESET         18 CALLS      586 TOTAL
                     EDM=  0.32E-04  STRATEGY=1  ERROR MATRIX UNCERTAINTY= 50.0%

  EXT PARAMETER                APPROXIMATE     INTERNAL      INTERNAL  
  NO.   NAME        VALUE          ERROR       STEP SIZE       VALUE   
   1  M_Z           91.188         fixed    
   2  m_t MS-bar    162.76        3.9747       0.39747E-01    162.76    
   3  m_b           4.2006         fixed    
   4  m_c           1.2717         fixed    
   5  alpha_s      0.11900         fixed    
   6  da3cut       0.56910E-02     fixed    
   7  M_H           4.5420       0.79457       0.79457E-02    4.5420    
   8  T parametr    0.0000         fixed    
   9  S parametr    0.0000         fixed    
  10  U parametr    0.0000         fixed    
  11  B rho         0.0000         fixed    
  12  B kappa       0.0000         fixed    
  15  Z parametr    3.0000         fixed    
  16  M_Z^prime     1.0000         fixed    
  17  sin(theta)    0.0000         fixed    
  18  lambda_g      1.0000         fixed    
  19  e_1           0.0000         fixed    
  20  e_2           1.0000         fixed    
  21  u(d)_1        0.0000         fixed    
  22  u_2           0.0000         fixed    
  23  d_2           0.0000         fixed    
  24  tau_1         0.0000         fixed    
  25  tau_2         0.0000         fixed    
  26  t(b)_1        0.0000         fixed    
  27  b_2           0.0000         fixed    
  28  ln(x)         9.9984        7.4927       0.74927E-01    1.5959    
  29  tan(phi)^2    97.765        98.833       0.98833        1.2707    
  30  sin(2be)^2   0.59867E-06   0.58937       0.58937E-02   -1.5723    
                               ERR DEF=  10.0    
 ENTER MINUIT COMMAND:                  
 **********
 **   10 **SEEK 
 **********
 MNSEEK: MONTE CARLO MINIMIZATION USING METROPOLIS ALGORITHM
 TO STOP AFTER   200 SUCCESSIVE FAILURES, OR   2000 STEPS
 MAXIMUM STEP SIZE IS    3.000 ERROR BARS.

 FCN=   43.22293     FROM SEEk      STATUS=UNCHANGED    212 CALLS      798 TOTAL
                     EDM=  0.32E-04  STRATEGY=1  ERROR MATRIX UNCERTAINTY= 50.0%

  EXT PARAMETER                APPROXIMATE     INTERNAL      INTERNAL  
  NO.   NAME        VALUE          ERROR       STEP SIZE       VALUE   
   1  M_Z           91.188         fixed    
   2  m_t MS-bar    162.76        3.9747        23.848        162.76    
   3  m_b           4.2006         fixed    
   4  m_c           1.2717         fixed    
   5  alpha_s      0.11900         fixed    
   6  da3cut       0.56910E-02     fixed    
   7  M_H           4.5420       0.79457        4.7674        4.5420    
   8  T parametr    0.0000         fixed    
   9  S parametr    0.0000         fixed    
  10  U parametr    0.0000         fixed    
  11  B rho         0.0000         fixed    
  12  B kappa       0.0000         fixed    
  15  Z parametr    3.0000         fixed    
  16  M_Z^prime     1.0000         fixed    
  17  sin(theta)    0.0000         fixed    
  18  lambda_g      1.0000         fixed    
  19  e_1           0.0000         fixed    
  20  e_2           1.0000         fixed    
  21  u(d)_1        0.0000         fixed    
  22  u_2           0.0000         fixed    
  23  d_2           0.0000         fixed    
  24  tau_1         0.0000         fixed    
  25  tau_2         0.0000         fixed    
  26  t(b)_1        0.0000         fixed    
  27  b_2           0.0000         fixed    
  28  ln(x)         9.9984        7.4927        6.2832        1.5959    
  29  tan(phi)^2    97.765        98.833        6.2832        1.2707    
  30  sin(2be)^2   0.59867E-06   0.58937        6.2832       -1.5723    
                               ERR DEF=  10.0    
 ENTER MINUIT COMMAND:                  
 **********
 **   11 **MINOS 
 **********
 COVARIANCE MATRIX CALCULATED SUCCESSFULLY
 EIGENVALUES OF SECOND-DERIVATIVE MATRIX:
        -0.1651E+00  0.7144E-02  0.1003E+01  0.3155E+01
 MINUIT WARNING IN MIGRAD  
 ============== MATRIX FORCED POS-DEF BY ADDING  0.16828     TO DIAGONAL.
 MINUIT WARNING IN MIGRAD  
 ============== Negative diagonal element  3 in Error Matrix
 MINUIT WARNING IN MIGRAD  
 ============== Negative diagonal element  4 in Error Matrix
 MINUIT WARNING IN MIGRAD  
 ==============     0.99E+01 added to diagonal of error matrix
 EIGENVALUES OF SECOND-DERIVATIVE MATRIX:
        -0.1244E+00  0.9994E+00  0.1020E+01  0.2105E+01
 MINUIT WARNING IN MIGRAD  
 ============== MATRIX FORCED POS-DEF BY ADDING  0.12653     TO DIAGONAL.
     THE POSITIVE MINOS ERROR OF PARAMETER 28, ln(x)     , EXCEEDS ITS LIMIT.

 MIGRAD FAILS WITH STRATEGY=0.   WILL TRY WITH STRATEGY=1.
     THE POSITIVE MINOS ERROR OF PARAMETER 29, tan(phi)^2, EXCEEDS ITS LIMIT.

     THE NEGATIVE MINOS ERROR OF PARAMETER 29, tan(phi)^2, EXCEEDS ITS LIMIT.

 MINUIT WARNING IN MIGRAD  
 ============== VARIABLE  29 IS AT ITS LOWER ALLOWED LIMIT
     THE POSITIVE MINOS ERROR OF PARAMETER 30, sin(2be)^2, EXCEEDS ITS LIMIT.

     THE NEGATIVE MINOS ERROR OF PARAMETER 30, sin(2be)^2, EXCEEDS ITS LIMIT.

 MINUIT WARNING IN MIGRAD  
 ============== VARIABLE  30 IS AT ITS LOWER ALLOWED LIMIT

 MINUIT TASK: lr-t                                              

 FCN=   43.22293     FROM MINOS     STATUS=PROBLEMS    1602 CALLS     2431 TOTAL
                     EDM=  0.32E-04    STRATEGY= 1      ERROR MATRIX ACCURATE 

  EXT PARAMETER                  PARABOLIC         MINOS ERRORS        
  NO.   NAME        VALUE          ERROR      NEGATIVE      POSITIVE   
   1  M_Z           91.188         fixed    
   2  m_t MS-bar    162.76        3.9744       -3.9661        3.9817    
   3  m_b           4.2006         fixed    
   4  m_c           1.2717         fixed    
   5  alpha_s      0.11900         fixed    
   6  da3cut       0.56910E-02     fixed    
   7  M_H           4.5420       0.79446       -1.6802       0.73572    
   8  T parametr    0.0000         fixed    
   9  S parametr    0.0000         fixed    
  10  U parametr    0.0000         fixed    
  11  B rho         0.0000         fixed    
  12  B kappa       0.0000         fixed    
  15  Z parametr    3.0000         fixed    
  16  M_Z^prime     1.0000         fixed    
  17  sin(theta)    0.0000         fixed    
  18  lambda_g      1.0000         fixed    
  19  e_1           0.0000         fixed    
  20  e_2           1.0000         fixed    
  21  u(d)_1        0.0000         fixed    
  22  u_2           0.0000         fixed    
  23  d_2           0.0000         fixed    
  24  tau_1         0.0000         fixed    
  25  tau_2         0.0000         fixed    
  26  t(b)_1        0.0000         fixed    
  27  b_2           0.0000         fixed    
  28  ln(x)         9.9984        7.4711       -7.9430       at limit   
  29  tan(phi)^2    97.765        98.388       at limit      at limit   
  30  sin(2be)^2   0.59867E-06   0.58915       at limit      at limit   
                               ERR DEF=  10.0    
 ENTER MINUIT COMMAND:                  
 **********
 **   12 **HESSE 
 **********
 COVARIANCE MATRIX CALCULATED SUCCESSFULLY

 FCN=   43.22293     FROM HESSE     STATUS=OK            37 CALLS     2468 TOTAL
                     EDM=  0.33E-04    STRATEGY= 1      ERROR MATRIX ACCURATE 

  EXT PARAMETER                                INTERNAL      INTERNAL  
  NO.   NAME        VALUE          ERROR       STEP SIZE       VALUE   
   1  M_Z           91.188         fixed    
   2  m_t MS-bar    162.76        3.9749       0.40952E-02    162.76    
   3  m_b           4.2006         fixed    
   4  m_c           1.2717         fixed    
   5  alpha_s      0.11900         fixed    
   6  da3cut       0.56910E-02     fixed    
   7  M_H           4.5420       0.80442       0.81866E-03    4.5420    
   8  T parametr    0.0000         fixed    
   9  S parametr    0.0000         fixed    
  10  U parametr    0.0000         fixed    
  11  B rho         0.0000         fixed    
  12  B kappa       0.0000         fixed    
  15  Z parametr    3.0000         fixed    
  16  M_Z^prime     1.0000         fixed    
  17  sin(theta)    0.0000         fixed    
  18  lambda_g      1.0000         fixed    
  19  e_1           0.0000         fixed    
  20  e_2           1.0000         fixed    
  21  u(d)_1        0.0000         fixed    
  22  u_2           0.0000         fixed    
  23  d_2           0.0000         fixed    
  24  tau_1         0.0000         fixed    
  25  tau_2         0.0000         fixed    
  26  t(b)_1        0.0000         fixed    
  27  b_2           0.0000         fixed    
  28  ln(x)         9.9984        7.3665       0.68852E-01    1.5959    
  29  tan(phi)^2    97.765        94.806       0.50000        1.2707    
  30  sin(2be)^2   0.59867E-06   0.75195       0.50000       -1.5723    
                               ERR DEF=  10.0    

 EXTERNAL ERROR MATRIX.    NDIM=  50    NPAR=  5    ERR DEF=  10.0    
  0.158E+02 0.127E+01-0.243E-01 0.516E+00 0.137E-02
  0.127E+01 0.647E+00 0.744E-01 0.180E+01-0.564E-02
 -0.243E-01 0.744E-01 0.593E+02 0.942E+02-0.291E-01
  0.516E+00 0.180E+01 0.942E+02 0.202E+08-0.497E-01
  0.137E-02-0.564E-02-0.291E-01-0.497E-01 0.202E-02

 PARAMETER  CORRELATION COEFFICIENTS
       NO.  GLOBAL     2     7    28    29    30
        2  0.40433  1.000 0.398-0.001 0.000 0.008
        7  0.42869  0.398 1.000 0.012 0.000-0.156
       28  0.08395 -0.001 0.012 1.000 0.003-0.084
       29  0.00277  0.000 0.000 0.003 1.000 0.000
       30  0.19170  0.008-0.156-0.084 0.000 1.000
 ENTER MINUIT COMMAND:                  
 **********
 **   13 **#MNCONTOURS    28.00       29.00       50.00    
 **********
           UNKNOWN COMMAND IGNORED:#MNCONTOURS 
 ENTER MINUIT COMMAND:                  
 **********
 **   14 **RETURN 
 **********

 CALL TO USER FUNCTION WITH IFLAG = 3

 ..........MINUIT TERMINATED AND RETURNS TO USER PROGRAM.            
