 ***************************************************************************
  MINUIT RELEASE 96.03  INITIALIZED.   DIMENSIONS 100/ 50  EPSMAC=  0.89E-15
 ***************************************************************************
                          MINUIT DATA BLOCK NO.   1
 ***************************************************************************
 ENTER MINUIT TITLE, or "SET INPUT n" : 
 ENTER MINUIT TITLE, or "SET INPUT n" : 
 uu-d                                              
 ******************************************************************************
 ENTER MINUIT PARAMETER DEFINITION:     
 ENTER MINUIT PARAMETER DEFINITION:     
     1 'M_Z       '    91.188      0.60000E-02     no limits
 ENTER MINUIT PARAMETER DEFINITION:     
     2 'm_t MS-bar'    164.52       4.0000         no limits
 ENTER MINUIT PARAMETER DEFINITION:     
     3 'm_b       '    4.2006      0.10000         no limits
 ENTER MINUIT PARAMETER DEFINITION:     
     4 'm_c       '    1.2717      0.10000         no limits
 ENTER MINUIT PARAMETER DEFINITION:     
     5 'alpha_s   '   0.11900      0.60000E-02     no limits
 ENTER MINUIT PARAMETER DEFINITION:     
     6 'da3cut    '   0.56910E-02  0.30000E-03     no limits
 ENTER MINUIT PARAMETER DEFINITION:     
     7 'M_H       '    4.5000       1.0000         no limits
 ENTER MINUIT PARAMETER DEFINITION:     
     8 'T parametr'    0.0000       1.0000         no limits
 ENTER MINUIT PARAMETER DEFINITION:     
     9 'S parametr'    0.0000       1.0000         no limits
 ENTER MINUIT PARAMETER DEFINITION:     
    10 'U parametr'    0.0000       1.0000         no limits
 ENTER MINUIT PARAMETER DEFINITION:     
    11 'B rho     '    0.0000      0.10000         no limits
 ENTER MINUIT PARAMETER DEFINITION:     
    12 'B kappa   '    0.0000      0.10000         no limits
 ENTER MINUIT PARAMETER DEFINITION:     
    15 'Z parametr'    3.0000      0.10000         no limits
 ENTER MINUIT PARAMETER DEFINITION:     
    16 'M_Z^prime '    1.0000      0.70000         no limits
 ENTER MINUIT PARAMETER DEFINITION:     
    17 'sin(theta)'    0.0000      0.10000E-02     no limits
 ENTER MINUIT PARAMETER DEFINITION:     
    18 'lambda_g  '    1.0000       1.0000         no limits
 ENTER MINUIT PARAMETER DEFINITION:     
    19 'e_1       '    0.0000      0.10000         no limits
 ENTER MINUIT PARAMETER DEFINITION:     
    20 'e_2       '    1.0000      0.10000         no limits
 ENTER MINUIT PARAMETER DEFINITION:     
    21 'u(d)_1    '    0.0000       1.0000         no limits
 ENTER MINUIT PARAMETER DEFINITION:     
    22 'u_2       '    0.0000       1.0000         no limits
 ENTER MINUIT PARAMETER DEFINITION:     
    23 'd_2       '    0.0000       1.0000         no limits
 ENTER MINUIT PARAMETER DEFINITION:     
    24 'tau_1     '    0.0000       1.0000         no limits
 ENTER MINUIT PARAMETER DEFINITION:     
    25 'tau_2     '    0.0000       1.0000         no limits
 ENTER MINUIT PARAMETER DEFINITION:     
    26 't(b)_1    '    0.0000       1.0000         no limits
 ENTER MINUIT PARAMETER DEFINITION:     
    27 'b_2       '    0.0000       1.0000         no limits
 ENTER MINUIT PARAMETER DEFINITION:     
    28 'ln(x)     '    6.0000      0.10000E-02     0.0000       10.000    
 ENTER MINUIT PARAMETER DEFINITION:     
    29 'tan(phi)^2'    1.1000      0.10000E-02    0.10000E-01   100.00    
 ENTER MINUIT PARAMETER DEFINITION:     
    30 'sin(2be)^2'   0.10000      0.10000E-02     0.0000       1.0000    
 ENTER MINUIT PARAMETER DEFINITION:     

 MINUIT: FIRST CALL TO USER FUNCTION, WITH IFLAG=1

 FCN=   59.00985     FROM PARAMETR  STATUS=RESET          2 CALLS        2 TOTAL
                     EDM= unknown      STRATEGY= 1      NO ERROR MATRIX       

  EXT PARAMETER               CURRENT GUESS      PHYSICAL LIMITS       
  NO.   NAME        VALUE          ERROR       NEGATIVE      POSITIVE  
   1  M_Z           91.188       0.60000E-02
   2  m_t MS-bar    164.52        4.0000    
   3  m_b           4.2006       0.10000    
   4  m_c           1.2717       0.10000    
   5  alpha_s      0.11900       0.60000E-02
   6  da3cut       0.56910E-02   0.30000E-03
   7  M_H           4.5000        1.0000    
   8  T parametr    0.0000        1.0000    
   9  S parametr    0.0000        1.0000    
  10  U parametr    0.0000        1.0000    
  11  B rho         0.0000       0.10000    
  12  B kappa       0.0000       0.10000    
  15  Z parametr    3.0000       0.10000    
  16  M_Z^prime     1.0000       0.70000    
  17  sin(theta)    0.0000       0.10000E-02
  18  lambda_g      1.0000        1.0000    
  19  e_1           0.0000       0.10000    
  20  e_2           1.0000       0.10000    
  21  u(d)_1        0.0000        1.0000    
  22  u_2           0.0000        1.0000    
  23  d_2           0.0000        1.0000    
  24  tau_1         0.0000        1.0000    
  25  tau_2         0.0000        1.0000    
  26  t(b)_1        0.0000        1.0000    
  27  b_2           0.0000        1.0000    
  28  ln(x)         6.0000       0.10000E-02    0.0000        10.000    
  29  tan(phi)^2    1.1000       0.10000E-02   0.10000E-01    100.00    
  30  sin(2be)^2   0.10000E+00   0.10000E-02    0.0000        1.0000    
 ENTER MINUIT COMMAND:                  
 **********
 **    1 **SET PRINTOUT    1.000    
 **********
 ENTER MINUIT COMMAND:                  
 **********
 **    2 **SET ERRORDEF    10.00    
 **********
 ENTER MINUIT COMMAND:                  
 **********
 **    3 **FIX    1.000       3.000       4.000       5.000    
 **********       6.000       8.000       9.000       10.00    
 **********       11.00       12.00    
 **********
 ENTER MINUIT COMMAND:                  
 **********
 **    4 **FIX    15.00       16.00       17.00       18.00    
 **********       19.00       20.00       21.00       22.00    
 **********       23.00       24.00       25.00       26.00    
 **********       27.00    
 **********
 ENTER MINUIT COMMAND:                  
 **********
 **    5 **MINIMIZE 
 **********
 START MIGRAD MINIMIZATION.  STRATEGY 1.  CONVERGENCE WHEN EDM .LT. 0.10E-02

 FCN=   59.00985     FROM MIGRAD    STATUS=INITIATE     209 CALLS      211 TOTAL
                     EDM= unknown      STRATEGY= 1      NO ERROR MATRIX       

  EXT PARAMETER               CURRENT GUESS       STEP         FIRST   
  NO.   NAME        VALUE          ERROR          SIZE      DERIVATIVE 
   1  M_Z           91.188         fixed    
   2  m_t MS-bar    164.52        4.0000        0.0000        3.5629    
   3  m_b           4.2006         fixed    
   4  m_c           1.2717         fixed    
   5  alpha_s      0.11900         fixed    
   6  da3cut       0.56910E-02     fixed    
   7  M_H           4.5000        1.0000        0.0000       -19.091    
   8  T parametr    0.0000         fixed    
   9  S parametr    0.0000         fixed    
  10  U parametr    0.0000         fixed    
  11  B rho         0.0000         fixed    
  12  B kappa       0.0000         fixed    
  15  Z parametr    3.0000         fixed    
  16  M_Z^prime     1.0000         fixed    
  17  sin(theta)    0.0000         fixed    
  18  lambda_g      1.0000         fixed    
  19  e_1           0.0000         fixed    
  20  e_2           1.0000         fixed    
  21  u(d)_1        0.0000         fixed    
  22  u_2           0.0000         fixed    
  23  d_2           0.0000         fixed    
  24  tau_1         0.0000         fixed    
  25  tau_2         0.0000         fixed    
  26  t(b)_1        0.0000         fixed    
  27  b_2           0.0000         fixed    
  28  ln(x)         6.0000       0.10000E-02    0.0000       -123.78    
  29  tan(phi)^2    1.1000       0.10000E-02    0.0000        130.62    
  30  sin(2be)^2   0.10000E+00   0.10000E-02    0.0000        0.0000    
                               ERR DEF=  10.0    

 MIGRAD MINIMIZATION HAS CONVERGED.

 MIGRAD WILL VERIFY CONVERGENCE AND ERROR MATRIX.
 MINUIT WARNING IN HESSE
 ============== Second derivative enters zero, param   30
 MINUIT WARNING IN HESSE
 ============== Second derivative zero for parameter  30
  MNHESS FAILS AND WILL RETURN DIAGONAL MATRIX. 

 FCN=   43.23997     FROM MIGRAD    STATUS=CONVERGED    393 CALLS      395 TOTAL
                     EDM=  0.92E-04  STRATEGY=1  ERROR MATRIX UNCERTAINTY=100.0%

  EXT PARAMETER                APPROXIMATE        STEP         FIRST   
  NO.   NAME        VALUE          ERROR          SIZE      DERIVATIVE 
   1  M_Z           91.188         fixed    
   2  m_t MS-bar    162.77        3.6356       0.40961E-02   0.43922E-02
   3  m_b           4.2006         fixed    
   4  m_c           1.2717         fixed    
   5  alpha_s      0.11900         fixed    
   6  da3cut       0.56910E-02     fixed    
   7  M_H           4.5574       0.72508       0.81564E-03  -0.58079E-01
   8  T parametr    0.0000         fixed    
   9  S parametr    0.0000         fixed    
  10  U parametr    0.0000         fixed    
  11  B rho         0.0000         fixed    
  12  B kappa       0.0000         fixed    
  15  Z parametr    3.0000         fixed    
  16  M_Z^prime     1.0000         fixed    
  17  sin(theta)    0.0000         fixed    
  18  lambda_g      1.0000         fixed    
  19  e_1           0.0000         fixed    
  20  e_2           1.0000         fixed    
  21  u(d)_1        0.0000         fixed    
  22  u_2           0.0000         fixed    
  23  d_2           0.0000         fixed    
  24  tau_1         0.0000         fixed    
  25  tau_2         0.0000         fixed    
  26  t(b)_1        0.0000         fixed    
  27  b_2           0.0000         fixed    
  28  ln(x)         9.9981        6.7867       0.12422E-01  -0.42880E-02
  29  tan(phi)^2    65.923        82.864       0.11200      -0.11011E-02
  30  sin(2be)^2   0.10000E+00   0.14142E-02    0.0000        0.0000    
                               ERR DEF=  10.0    

 EXTERNAL ERROR MATRIX.    NDIM=  50    NPAR=  5    ERR DEF=  10.0    
  0.132E+02 0.000E+00 0.000E+00 0.000E+00 0.000E+00
  0.000E+00 0.526E+00 0.000E+00 0.000E+00 0.000E+00
  0.000E+00 0.000E+00 0.237E+01 0.000E+00 0.000E+00
  0.000E+00 0.000E+00 0.000E+00 0.449E+05 0.000E+00
  0.000E+00 0.000E+00 0.000E+00 0.000E+00 0.200E-05
 ERR MATRIX APPROXIMATE

 PARAMETER  CORRELATION COEFFICIENTS
       NO.  GLOBAL     2     7    28    29    30
        2  0.00000  1.000 0.000 0.000 0.000 0.000
        7  0.00000  0.000 1.000 0.000 0.000 0.000
       28  0.00000  0.000 0.000 1.000 0.000 0.000
       29  0.00000  0.000 0.000 0.000 1.000 0.000
       30  0.00000  0.000 0.000 0.000 0.000 1.000
 ERR MATRIX APPROXIMATE
 ENTER MINUIT COMMAND:                  
 **********
 **    6 **MINIMIZE 
 **********
 START MIGRAD MINIMIZATION.  STRATEGY 1.  CONVERGENCE WHEN EDM .LT. 0.10E-02

 FCN=   43.23997     FROM MIGRAD    STATUS=INITIATE      10 CALLS      405 TOTAL
                     EDM=  0.44E-03  STRATEGY=1  ERROR MATRIX UNCERTAINTY=100.0%

  EXT PARAMETER                APPROXIMATE        STEP         FIRST   
  NO.   NAME        VALUE          ERROR          SIZE      DERIVATIVE 
   1  M_Z           91.188         fixed    
   2  m_t MS-bar    162.77        3.6356       0.40961E-02   0.43922E-02
   3  m_b           4.2006         fixed    
   4  m_c           1.2717         fixed    
   5  alpha_s      0.11900         fixed    
   6  da3cut       0.56910E-02     fixed    
   7  M_H           4.5574       0.72508       0.81564E-03  -0.58079E-01
   8  T parametr    0.0000         fixed    
   9  S parametr    0.0000         fixed    
  10  U parametr    0.0000         fixed    
  11  B rho         0.0000         fixed    
  12  B kappa       0.0000         fixed    
  15  Z parametr    3.0000         fixed    
  16  M_Z^prime     1.0000         fixed    
  17  sin(theta)    0.0000         fixed    
  18  lambda_g      1.0000         fixed    
  19  e_1           0.0000         fixed    
  20  e_2           1.0000         fixed    
  21  u(d)_1        0.0000         fixed    
  22  u_2           0.0000         fixed    
  23  d_2           0.0000         fixed    
  24  tau_1         0.0000         fixed    
  25  tau_2         0.0000         fixed    
  26  t(b)_1        0.0000         fixed    
  27  b_2           0.0000         fixed    
  28  ln(x)         9.9981        6.7867       0.12422E-01  -0.42881E-02
  29  tan(phi)^2    65.923        82.864       0.11200      -0.11016E-02
  30  sin(2be)^2   0.10000E+00   0.14142E-02    0.0000        0.0000    
                               ERR DEF=  10.0    

 MIGRAD MINIMIZATION HAS CONVERGED.

 MIGRAD WILL VERIFY CONVERGENCE AND ERROR MATRIX.
 MINUIT WARNING IN HESSE
 ============== Second derivative enters zero, param   30
 MINUIT WARNING IN HESSE
 ============== Second derivative zero for parameter  30
  MNHESS FAILS AND WILL RETURN DIAGONAL MATRIX. 

 FCN=   43.23987     FROM MIGRAD    STATUS=CONVERGED     33 CALLS      428 TOTAL
                     EDM=  0.24E-04  STRATEGY=1  ERROR MATRIX UNCERTAINTY=100.0%

  EXT PARAMETER                APPROXIMATE        STEP         FIRST   
  NO.   NAME        VALUE          ERROR          SIZE      DERIVATIVE 
   1  M_Z           91.188         fixed    
   2  m_t MS-bar    162.77        3.6356       0.40960E-02  -0.36812E-02
   3  m_b           4.2006         fixed    
   4  m_c           1.2717         fixed    
   5  alpha_s      0.11900         fixed    
   6  da3cut       0.56910E-02     fixed    
   7  M_H           4.5587       0.72483       0.81691E-03   0.21325E-02
   8  T parametr    0.0000         fixed    
   9  S parametr    0.0000         fixed    
  10  U parametr    0.0000         fixed    
  11  B rho         0.0000         fixed    
  12  B kappa       0.0000         fixed    
  15  Z parametr    3.0000         fixed    
  16  M_Z^prime     1.0000         fixed    
  17  sin(theta)    0.0000         fixed    
  18  lambda_g      1.0000         fixed    
  19  e_1           0.0000         fixed    
  20  e_2           1.0000         fixed    
  21  u(d)_1        0.0000         fixed    
  22  u_2           0.0000         fixed    
  23  d_2           0.0000         fixed    
  24  tau_1         0.0000         fixed    
  25  tau_2         0.0000         fixed    
  26  t(b)_1        0.0000         fixed    
  27  b_2           0.0000         fixed    
  28  ln(x)        10.0000        6.2843       0.12683E-01  -0.51979E-03
  29  tan(phi)^2    65.877        82.843       0.11553      -0.10826E-02
  30  sin(2be)^2   0.10000E+00   0.20000E-02    0.0000        0.0000    
                               ERR DEF=  10.0    

 EXTERNAL ERROR MATRIX.    NDIM=  50    NPAR=  5    ERR DEF=  10.0    
  0.132E+02 0.000E+00 0.000E+00 0.000E+00 0.000E+00
  0.000E+00 0.525E+00 0.000E+00 0.000E+00 0.000E+00
  0.000E+00 0.000E+00 0.390E-01 0.000E+00 0.000E+00
  0.000E+00 0.000E+00 0.000E+00 0.450E+05 0.000E+00
  0.000E+00 0.000E+00 0.000E+00 0.000E+00 0.400E-05
 ERR MATRIX APPROXIMATE

 PARAMETER  CORRELATION COEFFICIENTS
       NO.  GLOBAL     2     7    28    29    30
        2  0.00000  1.000 0.000 0.000 0.000 0.000
        7  0.00000  0.000 1.000 0.000 0.000 0.000
       28  0.00000  0.000 0.000 1.000 0.000 0.000
       29  0.00000  0.000 0.000 0.000 1.000 0.000
       30  0.00000  0.000 0.000 0.000 0.000 1.000
 ERR MATRIX APPROXIMATE
 ENTER MINUIT COMMAND:                  
 **********
 **    7 **IMPROVE 
 **********
 MINUIT WARNING IN HESSE
 ============== Second derivative zero for parameter  30
  MNHESS FAILS AND WILL RETURN DIAGONAL MATRIX. 

 START ATTEMPT NO. 1 TO FIND NEW MINIMUM

 COVARIANCE MATRIX WAS NOT POSITIVE-DEFINITE
 IMPROVE HAS RETURNED TO REGION OF ORIGINAL MINIMUM

 FCN=   43.23987     FROM HESSE     STATUS=RESET         17 CALLS      445 TOTAL
                     EDM=  0.24E-04  STRATEGY=1  ERROR MATRIX UNCERTAINTY=100.0%

  EXT PARAMETER                APPROXIMATE     INTERNAL      INTERNAL  
  NO.   NAME        VALUE          ERROR       STEP SIZE       VALUE   
   1  M_Z           91.188         fixed    
   2  m_t MS-bar    162.77        3.6356       0.36356E-01    162.77    
   3  m_b           4.2006         fixed    
   4  m_c           1.2717         fixed    
   5  alpha_s      0.11900         fixed    
   6  da3cut       0.56910E-02     fixed    
   7  M_H           4.5587       0.72483       0.72483E-02    4.5587    
   8  T parametr    0.0000         fixed    
   9  S parametr    0.0000         fixed    
  10  U parametr    0.0000         fixed    
  11  B rho         0.0000         fixed    
  12  B kappa       0.0000         fixed    
  15  Z parametr    3.0000         fixed    
  16  M_Z^prime     1.0000         fixed    
  17  sin(theta)    0.0000         fixed    
  18  lambda_g      1.0000         fixed    
  19  e_1           0.0000         fixed    
  20  e_2           1.0000         fixed    
  21  u(d)_1        0.0000         fixed    
  22  u_2           0.0000         fixed    
  23  d_2           0.0000         fixed    
  24  tau_1         0.0000         fixed    
  25  tau_2         0.0000         fixed    
  26  t(b)_1        0.0000         fixed    
  27  b_2           0.0000         fixed    
  28  ln(x)        10.0000        6.2843       0.62843E-01    1.5674    
  29  tan(phi)^2    65.877        82.843       0.82843       -3.4647    
  30  sin(2be)^2   0.10000E+00   0.94870E-01   0.94870E-03  -0.92730    
                               ERR DEF=  10.0    
 ENTER MINUIT COMMAND:                  
 **********
 **    8 **IMPROVE 
 **********
 MINUIT WARNING IN HESSE
 ============== Second derivative zero for parameter  30
  MNHESS FAILS AND WILL RETURN DIAGONAL MATRIX. 

 START ATTEMPT NO. 1 TO FIND NEW MINIMUM

 COVARIANCE MATRIX WAS NOT POSITIVE-DEFINITE
 IMPROVE HAS RETURNED TO REGION OF ORIGINAL MINIMUM

 FCN=   43.23987     FROM HESSE     STATUS=RESET         17 CALLS      462 TOTAL
                     EDM=  0.24E-04  STRATEGY=1  ERROR MATRIX UNCERTAINTY=100.0%

  EXT PARAMETER                APPROXIMATE     INTERNAL      INTERNAL  
  NO.   NAME        VALUE          ERROR       STEP SIZE       VALUE   
   1  M_Z           91.188         fixed    
   2  m_t MS-bar    162.77        3.6356       0.36356E-01    162.77    
   3  m_b           4.2006         fixed    
   4  m_c           1.2717         fixed    
   5  alpha_s      0.11900         fixed    
   6  da3cut       0.56910E-02     fixed    
   7  M_H           4.5587       0.72483       0.72483E-02    4.5587    
   8  T parametr    0.0000         fixed    
   9  S parametr    0.0000         fixed    
  10  U parametr    0.0000         fixed    
  11  B rho         0.0000         fixed    
  12  B kappa       0.0000         fixed    
  15  Z parametr    3.0000         fixed    
  16  M_Z^prime     1.0000         fixed    
  17  sin(theta)    0.0000         fixed    
  18  lambda_g      1.0000         fixed    
  19  e_1           0.0000         fixed    
  20  e_2           1.0000         fixed    
  21  u(d)_1        0.0000         fixed    
  22  u_2           0.0000         fixed    
  23  d_2           0.0000         fixed    
  24  tau_1         0.0000         fixed    
  25  tau_2         0.0000         fixed    
  26  t(b)_1        0.0000         fixed    
  27  b_2           0.0000         fixed    
  28  ln(x)        10.0000        6.2843       0.62843E-01    1.5674    
  29  tan(phi)^2    65.877        82.843       0.82843       -3.4647    
  30  sin(2be)^2   0.10000E+00   0.94870E-01   0.94870E-03  -0.92730    
                               ERR DEF=  10.0    
 ENTER MINUIT COMMAND:                  
 **********
 **    9 **IMPROVE 
 **********
 MINUIT WARNING IN HESSE
 ============== Second derivative zero for parameter  30
  MNHESS FAILS AND WILL RETURN DIAGONAL MATRIX. 

 START ATTEMPT NO. 1 TO FIND NEW MINIMUM

 COVARIANCE MATRIX WAS NOT POSITIVE-DEFINITE
 IMPROVE HAS RETURNED TO REGION OF ORIGINAL MINIMUM

 FCN=   43.23987     FROM HESSE     STATUS=RESET         17 CALLS      479 TOTAL
                     EDM=  0.24E-04  STRATEGY=1  ERROR MATRIX UNCERTAINTY=100.0%

  EXT PARAMETER                APPROXIMATE     INTERNAL      INTERNAL  
  NO.   NAME        VALUE          ERROR       STEP SIZE       VALUE   
   1  M_Z           91.188         fixed    
   2  m_t MS-bar    162.77        3.6356       0.36356E-01    162.77    
   3  m_b           4.2006         fixed    
   4  m_c           1.2717         fixed    
   5  alpha_s      0.11900         fixed    
   6  da3cut       0.56910E-02     fixed    
   7  M_H           4.5587       0.72483       0.72483E-02    4.5587    
   8  T parametr    0.0000         fixed    
   9  S parametr    0.0000         fixed    
  10  U parametr    0.0000         fixed    
  11  B rho         0.0000         fixed    
  12  B kappa       0.0000         fixed    
  15  Z parametr    3.0000         fixed    
  16  M_Z^prime     1.0000         fixed    
  17  sin(theta)    0.0000         fixed    
  18  lambda_g      1.0000         fixed    
  19  e_1           0.0000         fixed    
  20  e_2           1.0000         fixed    
  21  u(d)_1        0.0000         fixed    
  22  u_2           0.0000         fixed    
  23  d_2           0.0000         fixed    
  24  tau_1         0.0000         fixed    
  25  tau_2         0.0000         fixed    
  26  t(b)_1        0.0000         fixed    
  27  b_2           0.0000         fixed    
  28  ln(x)        10.0000        6.2843       0.62843E-01    1.5674    
  29  tan(phi)^2    65.877        82.843       0.82843       -3.4647    
  30  sin(2be)^2   0.10000E+00   0.94870E-01   0.94870E-03  -0.92730    
                               ERR DEF=  10.0    
 ENTER MINUIT COMMAND:                  
 **********
 **   10 **SEEK 
 **********
 MNSEEK: MONTE CARLO MINIMIZATION USING METROPOLIS ALGORITHM
 TO STOP AFTER   200 SUCCESSIVE FAILURES, OR   2000 STEPS
 MAXIMUM STEP SIZE IS    3.000 ERROR BARS.

 FCN=   43.23987     FROM SEEk      STATUS=UNCHANGED    229 CALLS      708 TOTAL
                     EDM=  0.24E-04  STRATEGY=1  ERROR MATRIX UNCERTAINTY=100.0%

  EXT PARAMETER                APPROXIMATE     INTERNAL      INTERNAL  
  NO.   NAME        VALUE          ERROR       STEP SIZE       VALUE   
   1  M_Z           91.188         fixed    
   2  m_t MS-bar    162.77        3.6356        21.814        162.77    
   3  m_b           4.2006         fixed    
   4  m_c           1.2717         fixed    
   5  alpha_s      0.11900         fixed    
   6  da3cut       0.56910E-02     fixed    
   7  M_H           4.5587       0.72483        4.3490        4.5587    
   8  T parametr    0.0000         fixed    
   9  S parametr    0.0000         fixed    
  10  U parametr    0.0000         fixed    
  11  B rho         0.0000         fixed    
  12  B kappa       0.0000         fixed    
  15  Z parametr    3.0000         fixed    
  16  M_Z^prime     1.0000         fixed    
  17  sin(theta)    0.0000         fixed    
  18  lambda_g      1.0000         fixed    
  19  e_1           0.0000         fixed    
  20  e_2           1.0000         fixed    
  21  u(d)_1        0.0000         fixed    
  22  u_2           0.0000         fixed    
  23  d_2           0.0000         fixed    
  24  tau_1         0.0000         fixed    
  25  tau_2         0.0000         fixed    
  26  t(b)_1        0.0000         fixed    
  27  b_2           0.0000         fixed    
  28  ln(x)        10.0000        6.2843        6.2832        1.5674    
  29  tan(phi)^2    65.877        82.843        6.2832       -3.4647    
  30  sin(2be)^2   0.10000E+00   0.94870E-01    1.8974      -0.92730    
                               ERR DEF=  10.0    
 ENTER MINUIT COMMAND:                  
 **********
 **   11 **MINOS 
 **********
 MINUIT WARNING IN HESSE
 ============== Second derivative zero for parameter  30
  MNHESS FAILS AND WILL RETURN DIAGONAL MATRIX. 
 MINUIT WARNING IN MIGRAD  
 ============== Negative diagonal element  2 in Error Matrix
 MINUIT WARNING IN MIGRAD  
 ==============     0.27E+01 added to diagonal of error matrix
     THE POSITIVE MINOS ERROR OF PARAMETER 28, ln(x)     , EXCEEDS ITS LIMIT.

 MINUIT WARNING IN MIGRAD  
 ============== Negative diagonal element  3 in Error Matrix
 MINUIT WARNING IN MIGRAD  
 ==============     0.10E+01 added to diagonal of error matrix
 MIGRAD FAILS WITH STRATEGY=0.   WILL TRY WITH STRATEGY=1.
 MINUIT WARNING IN HESSE
 ============== Second derivative enters zero, param   30
 MINUIT WARNING IN HESSE
 ============== Second derivative zero for parameter  30
  MNHESS FAILS AND WILL RETURN DIAGONAL MATRIX. 
                         NEGATIVE MINOS ERROR NOT CALCULATED FOR PARAMETER  28

     THE POSITIVE MINOS ERROR OF PARAMETER 29, tan(phi)^2, EXCEEDS ITS LIMIT.

     THE NEGATIVE MINOS ERROR OF PARAMETER 29, tan(phi)^2, EXCEEDS ITS LIMIT.

 MINUIT WARNING IN MIGRAD  
 ============== VARIABLE  29 IS AT ITS LOWER ALLOWED LIMIT
 MINUIT WARNING IN MIGRAD  
 ============== Negative diagonal element  4 in Error Matrix
 MINUIT WARNING IN MIGRAD  
 ==============     0.14E+03 added to diagonal of error matrix
 MIGRAD FAILS WITH STRATEGY=0.   WILL TRY WITH STRATEGY=1.
 MINUIT WARNING IN HESSE   
 ============== Negative diagonal element  3 in Error Matrix
 MINUIT WARNING IN HESSE   
 ==============     0.11E+01 added to diagonal of error matrix
 MINUIT WARNING IN MIGRAD  
 ============== Negative diagonal element  1 in Error Matrix
 MINUIT WARNING IN MIGRAD  
 ============== Negative diagonal element  3 in Error Matrix
 MINUIT WARNING IN MIGRAD  
 ============== Negative diagonal element  4 in Error Matrix
 MINUIT WARNING IN MIGRAD  
 ==============     0.14E+03 added to diagonal of error matrix
 EIGENVALUES OF SECOND-DERIVATIVE MATRIX:
        -0.3945E+00  0.9999E+00  0.1008E+01  0.2386E+01
 MINUIT WARNING IN MIGRAD  
 ============== MATRIX FORCED POS-DEF BY ADDING  0.39694     TO DIAGONAL.
 MINUIT WARNING IN MIGRAD  
 ============== Negative diagonal element  3 in Error Matrix
 MINUIT WARNING IN MIGRAD  
 ============== Negative diagonal element  4 in Error Matrix
 MINUIT WARNING IN MIGRAD  
 ==============     0.30E+01 added to diagonal of error matrix
     THE POSITIVE MINOS ERROR OF PARAMETER 30, sin(2be)^2, EXCEEDS ITS LIMIT.

     THE NEGATIVE MINOS ERROR OF PARAMETER 30, sin(2be)^2, EXCEEDS ITS LIMIT.

 MINUIT WARNING IN MIGRAD  
 ============== VARIABLE  30 IS AT ITS LOWER ALLOWED LIMIT

 MINUIT TASK: uu-d                                              

 FCN=   43.23987     FROM MINOS     STATUS=PROBLEMS    1137 CALLS     1856 TOTAL
                     EDM=  0.24E-04  STRATEGY=1  ERROR MATRIX UNCERTAINTY=100.0%

  EXT PARAMETER                  PARABOLIC         MINOS ERRORS        
  NO.   NAME        VALUE          ERROR      NEGATIVE      POSITIVE   
   1  M_Z           91.188         fixed    
   2  m_t MS-bar    162.77        3.6356       -3.9648        3.9848    
   3  m_b           4.2006         fixed    
   4  m_c           1.2717         fixed    
   5  alpha_s      0.11900         fixed    
   6  da3cut       0.56910E-02     fixed    
   7  M_H           4.5587       0.72483      -0.88203       0.84137    
   8  T parametr    0.0000         fixed    
   9  S parametr    0.0000         fixed    
  10  U parametr    0.0000         fixed    
  11  B rho         0.0000         fixed    
  12  B kappa       0.0000         fixed    
  15  Z parametr    3.0000         fixed    
  16  M_Z^prime     1.0000         fixed    
  17  sin(theta)    0.0000         fixed    
  18  lambda_g      1.0000         fixed    
  19  e_1           0.0000         fixed    
  20  e_2           1.0000         fixed    
  21  u(d)_1        0.0000         fixed    
  22  u_2           0.0000         fixed    
  23  d_2           0.0000         fixed    
  24  tau_1         0.0000         fixed    
  25  tau_2         0.0000         fixed    
  26  t(b)_1        0.0000         fixed    
  27  b_2           0.0000         fixed    
  28  ln(x)        10.0000        6.2843                     at limit   
  29  tan(phi)^2    65.877        82.843       at limit      at limit   
  30  sin(2be)^2   0.10000E+00   0.94870E-01   at limit      at limit   
                               ERR DEF=  10.0    
 ENTER MINUIT COMMAND:                  
 **********
 **   12 **HESSE 
 **********
 MINUIT WARNING IN HESSE
 ============== Second derivative enters zero, param   30
 MINUIT WARNING IN HESSE
 ============== Second derivative zero for parameter  30
  MNHESS FAILS AND WILL RETURN DIAGONAL MATRIX. 

 FCN=   43.23987     FROM HESSE     STATUS=FAILED        11 CALLS     1867 TOTAL
                     EDM=  0.24E-04  STRATEGY=1  ERROR MATRIX UNCERTAINTY=100.0%

  EXT PARAMETER                APPROXIMATE     INTERNAL      INTERNAL  
  NO.   NAME        VALUE          ERROR       STEP SIZE       VALUE   
   1  M_Z           91.188         fixed    
   2  m_t MS-bar    162.77        3.6356       0.40960E-02    162.77    
   3  m_b           4.2006         fixed    
   4  m_c           1.2717         fixed    
   5  alpha_s      0.11900         fixed    
   6  da3cut       0.56910E-02     fixed    
   7  M_H           4.5587       0.72483       0.81662E-03    4.5587    
   8  T parametr    0.0000         fixed    
   9  S parametr    0.0000         fixed    
  10  U parametr    0.0000         fixed    
  11  B rho         0.0000         fixed    
  12  B kappa       0.0000         fixed    
  15  Z parametr    3.0000         fixed    
  16  M_Z^prime     1.0000         fixed    
  17  sin(theta)    0.0000         fixed    
  18  lambda_g      1.0000         fixed    
  19  e_1           0.0000         fixed    
  20  e_2           1.0000         fixed    
  21  u(d)_1        0.0000         fixed    
  22  u_2           0.0000         fixed    
  23  d_2           0.0000         fixed    
  24  tau_1         0.0000         fixed    
  25  tau_2         0.0000         fixed    
  26  t(b)_1        0.0000         fixed    
  27  b_2           0.0000         fixed    
  28  ln(x)        10.0000        6.2845       0.12954E-01    1.5674    
  29  tan(phi)^2    65.877        82.843       0.11647       -3.4647    
  30  sin(2be)^2   0.51393E-02   0.13420       0.94870E-01  -0.92730    
                               ERR DEF=  10.0    

 EXTERNAL ERROR MATRIX.    NDIM=  50    NPAR=  5    ERR DEF=  10.0    
  0.132E+02 0.000E+00 0.000E+00 0.000E+00 0.000E+00
  0.000E+00 0.525E+00 0.000E+00 0.000E+00 0.000E+00
  0.000E+00 0.000E+00 0.390E-01 0.000E+00 0.000E+00
  0.000E+00 0.000E+00 0.000E+00 0.450E+05 0.000E+00
  0.000E+00 0.000E+00 0.000E+00 0.000E+00 0.180E-01
 ERR MATRIX APPROXIMATE

 PARAMETER  CORRELATION COEFFICIENTS
       NO.  GLOBAL     2     7    28    29    30
        2  0.00000  1.000 0.000 0.000 0.000 0.000
        7  0.00000  0.000 1.000 0.000 0.000 0.000
       28  0.00000  0.000 0.000 1.000 0.000 0.000
       29  0.00000  0.000 0.000 0.000 1.000 0.000
       30  0.00000  0.000 0.000 0.000 0.000 1.000
 ERR MATRIX APPROXIMATE
 ENTER MINUIT COMMAND:                  
 **********
 **   13 **#MNCONTOURS    28.00       29.00       50.00    
 **********
           UNKNOWN COMMAND IGNORED:#MNCONTOURS 
 ENTER MINUIT COMMAND:                  
 **********
 **   14 **RETURN 
 **********

 CALL TO USER FUNCTION WITH IFLAG = 3

 ..........MINUIT TERMINATED AND RETURNS TO USER PROGRAM.            
